[0.004s] Invoking command in '/home/amon/Ros2_learning/ws01_plumbing/build/cpp05_names': CMAKE_PREFIX_PATH=/opt/ros/humble /usr/bin/cmake /home/amon/Ros2_learning/ws01_plumbing/src/cpp05_names -DCMAKE_INSTALL_PREFIX=/home/amon/Ros2_learning/ws01_plumbing/install/cpp05_names
[0.039s] -- The C compiler identification is GNU 11.4.0
[0.077s] -- The CXX compiler identification is GNU 11.4.0
[0.080s] -- Detecting C compiler ABI info
[0.138s] -- Detecting C compiler ABI info - done
[0.149s] -- Check for working C compiler: /usr/bin/cc - skipped
[0.149s] -- Detecting C compile features
[0.149s] -- Detecting C compile features - done
[0.152s] -- Detecting CXX compiler ABI info
[0.269s] -- Detecting CXX compiler ABI info - done
[0.274s] -- Check for working CXX compiler: /usr/bin/c++ - skipped
[0.274s] -- Detecting CXX compile features
[0.274s] -- Detecting CXX compile features - done
[0.275s] -- Found ament_cmake: 1.3.10 (/opt/ros/humble/share/ament_cmake/cmake)
[0.390s] -- Found Python3: /usr/bin/python3 (found version "3.10.12") found components: Interpreter 
[0.432s] -- Found rclcpp: 16.0.10 (/opt/ros/humble/share/rclcpp/cmake)
[0.461s] -- Found rosidl_generator_c: 3.1.5 (/opt/ros/humble/share/rosidl_generator_c/cmake)
[0.463s] -- Found rosidl_adapter: 3.1.5 (/opt/ros/humble/share/rosidl_adapter/cmake)
[0.466s] -- Found rosidl_generator_cpp: 3.1.5 (/opt/ros/humble/share/rosidl_generator_cpp/cmake)
[0.472s] -- Using all available rosidl_typesupport_c: rosidl_typesupport_fastrtps_c;rosidl_typesupport_introspection_c
[0.483s] -- Using all available rosidl_typesupport_cpp: rosidl_typesupport_fastrtps_cpp;rosidl_typesupport_introspection_cpp
[0.509s] -- Found rmw_implementation_cmake: 6.1.2 (/opt/ros/humble/share/rmw_implementation_cmake/cmake)
[0.511s] -- Found rmw_fastrtps_cpp: 6.2.7 (/opt/ros/humble/share/rmw_fastrtps_cpp/cmake)
[0.590s] -- Found OpenSSL: /usr/lib/x86_64-linux-gnu/libcrypto.so (found version "3.0.2")  
[0.635s] -- Found FastRTPS: /opt/ros/humble/include  
[0.670s] -- Using RMW implementation 'rmw_fastrtps_cpp' as default
[0.680s] -- Looking for pthread.h
[0.789s] -- Looking for pthread.h - found
[0.789s] -- Performing Test CMAKE_HAVE_LIBC_PTHREAD
[0.871s] -- Performing Test CMAKE_HAVE_LIBC_PTHREAD - Success
[0.871s] -- Found Threads: TRUE  
[0.901s] -- Found ament_lint_auto: 0.12.11 (/opt/ros/humble/share/ament_lint_auto/cmake)
[0.938s] -- Added test 'cppcheck' to perform static code analysis on C / C++ code
[0.938s] -- Configured cppcheck include dirs: $<BUILD_INTERFACE:/home/amon/Ros2_learning/ws01_plumbing/src/cpp05_names/include>
[0.938s] -- Configured cppcheck exclude dirs and/or files: 
[0.938s] -- Added test 'flake8' to check Python code syntax and style conventions
[0.938s] -- Added test 'lint_cmake' to check CMake code style
[0.938s] -- Added test 'pep257' to check Python code against some of the docstring style conventions in PEP 257
[0.939s] -- Added test 'uncrustify' to check C / C++ code style
[0.939s] -- Configured uncrustify additional arguments: 
[0.939s] -- Added test 'xmllint' to check XML markup files
[0.939s] -- Configuring done
[0.942s] -- Generating done
[0.943s] -- Build files have been written to: /home/amon/Ros2_learning/ws01_plumbing/build/cpp05_names
[0.948s] Invoked command in '/home/amon/Ros2_learning/ws01_plumbing/build/cpp05_names' returned '0': CMAKE_PREFIX_PATH=/opt/ros/humble /usr/bin/cmake /home/amon/Ros2_learning/ws01_plumbing/src/cpp05_names -DCMAKE_INSTALL_PREFIX=/home/amon/Ros2_learning/ws01_plumbing/install/cpp05_names
[0.948s] Invoking command in '/home/amon/Ros2_learning/ws01_plumbing/build/cpp05_names': CMAKE_PREFIX_PATH=/opt/ros/humble /usr/bin/cmake --build /home/amon/Ros2_learning/ws01_plumbing/build/cpp05_names -- -j28 -l28
[0.983s] [ 50%] [32mBuilding CXX object CMakeFiles/demo01_names.dir/src/demo01_names.cpp.o[0m
[1.046s] [100%] [32m[1mLinking CXX executable demo01_names[0m
[1.120s] [100%] Built target demo01_names
[1.125s] Invoked command in '/home/amon/Ros2_learning/ws01_plumbing/build/cpp05_names' returned '0': CMAKE_PREFIX_PATH=/opt/ros/humble /usr/bin/cmake --build /home/amon/Ros2_learning/ws01_plumbing/build/cpp05_names -- -j28 -l28
[1.165s] Invoking command in '/home/amon/Ros2_learning/ws01_plumbing/build/cpp05_names': CMAKE_PREFIX_PATH=/opt/ros/humble /usr/bin/cmake --install /home/amon/Ros2_learning/ws01_plumbing/build/cpp05_names
[1.177s] -- Install configuration: ""
[1.177s] -- Installing: /home/amon/Ros2_learning/ws01_plumbing/install/cpp05_names/lib/cpp05_names/demo01_names
[1.178s] -- Set runtime path of "/home/amon/Ros2_learning/ws01_plumbing/install/cpp05_names/lib/cpp05_names/demo01_names" to ""
[1.178s] -- Installing: /home/amon/Ros2_learning/ws01_plumbing/install/cpp05_names/share/ament_index/resource_index/package_run_dependencies/cpp05_names
[1.178s] -- Installing: /home/amon/Ros2_learning/ws01_plumbing/install/cpp05_names/share/ament_index/resource_index/parent_prefix_path/cpp05_names
[1.178s] -- Installing: /home/amon/Ros2_learning/ws01_plumbing/install/cpp05_names/share/cpp05_names/environment/ament_prefix_path.sh
[1.179s] -- Installing: /home/amon/Ros2_learning/ws01_plumbing/install/cpp05_names/share/cpp05_names/environment/ament_prefix_path.dsv
[1.179s] -- Installing: /home/amon/Ros2_learning/ws01_plumbing/install/cpp05_names/share/cpp05_names/environment/path.sh
[1.179s] -- Installing: /home/amon/Ros2_learning/ws01_plumbing/install/cpp05_names/share/cpp05_names/environment/path.dsv
[1.179s] -- Installing: /home/amon/Ros2_learning/ws01_plumbing/install/cpp05_names/share/cpp05_names/local_setup.bash
[1.179s] -- Installing: /home/amon/Ros2_learning/ws01_plumbing/install/cpp05_names/share/cpp05_names/local_setup.sh
[1.179s] -- Installing: /home/amon/Ros2_learning/ws01_plumbing/install/cpp05_names/share/cpp05_names/local_setup.zsh
[1.179s] -- Installing: /home/amon/Ros2_learning/ws01_plumbing/install/cpp05_names/share/cpp05_names/local_setup.dsv
[1.179s] -- Installing: /home/amon/Ros2_learning/ws01_plumbing/install/cpp05_names/share/cpp05_names/package.dsv
[1.180s] -- Installing: /home/amon/Ros2_learning/ws01_plumbing/install/cpp05_names/share/ament_index/resource_index/packages/cpp05_names
[1.180s] -- Installing: /home/amon/Ros2_learning/ws01_plumbing/install/cpp05_names/share/cpp05_names/cmake/cpp05_namesConfig.cmake
[1.180s] -- Installing: /home/amon/Ros2_learning/ws01_plumbing/install/cpp05_names/share/cpp05_names/cmake/cpp05_namesConfig-version.cmake
[1.180s] -- Installing: /home/amon/Ros2_learning/ws01_plumbing/install/cpp05_names/share/cpp05_names/package.xml
[1.183s] Invoked command in '/home/amon/Ros2_learning/ws01_plumbing/build/cpp05_names' returned '0': CMAKE_PREFIX_PATH=/opt/ros/humble /usr/bin/cmake --install /home/amon/Ros2_learning/ws01_plumbing/build/cpp05_names
