[0.004s] Invoking command in '/home/amon/桌面/Ros2_learning/ws01_plumbing/build/base_interfaces_demo': CMAKE_PREFIX_PATH=/opt/ros/humble /usr/bin/cmake /home/amon/桌面/Ros2_learning/ws01_plumbing/src/base_interfaces_demo -DCMAKE_INSTALL_PREFIX=/home/amon/桌面/Ros2_learning/ws01_plumbing/install/base_interfaces_demo
[0.010s] -- Found ament_cmake: 1.3.10 (/opt/ros/humble/share/ament_cmake/cmake)
[0.094s] -- Found rosidl_default_generators: 1.2.0 (/opt/ros/humble/share/rosidl_default_generators/cmake)
[0.095s] -- Using all available rosidl_typesupport_c: rosidl_typesupport_fastrtps_c;rosidl_typesupport_introspection_c
[0.096s] -- Found rosidl_adapter: 3.1.5 (/opt/ros/humble/share/rosidl_adapter/cmake)
[0.109s] -- Using all available rosidl_typesupport_cpp: rosidl_typesupport_fastrtps_cpp;rosidl_typesupport_introspection_cpp
[0.207s] [31mCMake Error at /opt/ros/humble/share/rosidl_cmake/cmake/rosidl_generate_interfaces.cmake:240 (list):
[0.207s]   list index: 1 out of range (-1, 0)
[0.207s] Call Stack (most recent call first):
[0.207s]   CMakeLists.txt:15 (rosidl_generate_interfaces)
[0.207s] 
[0.207s] [0m
[0.207s] [31mCMake Error at /opt/ros/humble/share/rosidl_generator_c/cmake/rosidl_generator_c_generate_interfaces.cmake:69 (message):
[0.207s]   Target dependency
[0.207s]   '/Ros2_learning/ws01_plumbing/build/base_interfaces_demo/rosidl_adapter/base_interfaces_demo/msg/Student.idl'
[0.207s]   does not exist
[0.207s] Call Stack (most recent call first):
[0.207s]   /opt/ros/humble/share/ament_cmake_core/cmake/core/ament_execute_extensions.cmake:48 (include)
[0.207s]   /opt/ros/humble/share/rosidl_cmake/cmake/rosidl_generate_interfaces.cmake:286 (ament_execute_extensions)
[0.207s]   CMakeLists.txt:15 (rosidl_generate_interfaces)
[0.207s] 
[0.207s] [0m
[0.207s] -- Configuring incomplete, errors occurred!
[0.207s] See also "/home/amon/桌面/Ros2_learning/ws01_plumbing/build/base_interfaces_demo/CMakeFiles/CMakeOutput.log".
[0.210s] Invoked command in '/home/amon/桌面/Ros2_learning/ws01_plumbing/build/base_interfaces_demo' returned '1': CMAKE_PREFIX_PATH=/opt/ros/humble /usr/bin/cmake /home/amon/桌面/Ros2_learning/ws01_plumbing/src/base_interfaces_demo -DCMAKE_INSTALL_PREFIX=/home/amon/桌面/Ros2_learning/ws01_plumbing/install/base_interfaces_demo
