[0.043s] DEBUG:colcon:Command line arguments: ['/usr/bin/colcon', 'build']
[0.043s] DEBUG:colcon:Parsed command line arguments: Namespace(log_base=None, log_level=None, verb_name='build', build_base='build', install_base='install', merge_install=False, symlink_install=False, test_result_base=None, continue_on_error=False, executor='parallel', parallel_workers=28, event_handlers=None, ignore_user_meta=False, metas=['./colcon.meta'], base_paths=['.'], packages_ignore=None, packages_ignore_regex=None, paths=None, packages_up_to=None, packages_up_to_regex=None, packages_above=None, packages_above_and_dependencies=None, packages_above_depth=None, packages_select_by_dep=None, packages_skip_by_dep=None, packages_skip_up_to=None, packages_select_build_failed=False, packages_skip_build_finished=False, packages_select_test_failures=False, packages_skip_test_passed=False, packages_select=None, packages_skip=None, packages_select_regex=None, packages_skip_regex=None, packages_start=None, packages_end=None, allow_overriding=[], cmake_args=None, cmake_target=None, cmake_target_skip_unavailable=False, cmake_clean_cache=False, cmake_clean_first=False, cmake_force_configure=False, ament_cmake_args=None, catkin_cmake_args=None, catkin_skip_building_tests=False, verb_parser=<colcon_defaults.argument_parser.defaults.DefaultArgumentsDecorator object at 0x7a5a83e17ac0>, verb_extension=<colcon_core.verb.build.BuildVerb object at 0x7a5a83f58640>, main=<bound method BuildVerb.main of <colcon_core.verb.build.BuildVerb object at 0x7a5a83f58640>>)
[0.104s] Level 1:colcon.colcon_core.package_discovery:discover_packages(colcon_meta) check parameters
[0.105s] Level 1:colcon.colcon_core.package_discovery:discover_packages(recursive) check parameters
[0.105s] Level 1:colcon.colcon_core.package_discovery:discover_packages(ignore) check parameters
[0.105s] Level 1:colcon.colcon_core.package_discovery:discover_packages(path) check parameters
[0.105s] Level 1:colcon.colcon_core.package_discovery:discover_packages(colcon_meta) discover
[0.105s] Level 1:colcon.colcon_core.package_discovery:discover_packages(recursive) discover
[0.105s] INFO:colcon.colcon_core.package_discovery:Crawling recursively for packages in '/home/amon/桌面/Ros2_learning/ws01_plumbing/src'
[0.105s] Level 1:colcon.colcon_core.package_identification:_identify(.) by extensions ['ignore', 'ignore_ament_install']
[0.105s] Level 1:colcon.colcon_core.package_identification:_identify(.) by extension 'ignore'
[0.105s] Level 1:colcon.colcon_core.package_identification:_identify(.) by extension 'ignore_ament_install'
[0.105s] Level 1:colcon.colcon_core.package_identification:_identify(.) by extensions ['colcon_pkg']
[0.105s] Level 1:colcon.colcon_core.package_identification:_identify(.) by extension 'colcon_pkg'
[0.105s] Level 1:colcon.colcon_core.package_identification:_identify(.) by extensions ['colcon_meta']
[0.105s] Level 1:colcon.colcon_core.package_identification:_identify(.) by extension 'colcon_meta'
[0.105s] Level 1:colcon.colcon_core.package_identification:_identify(.) by extensions ['ros']
[0.105s] Level 1:colcon.colcon_core.package_identification:_identify(.) by extension 'ros'
[0.110s] Level 1:colcon.colcon_core.package_identification:_identify(.) by extensions ['cmake', 'python']
[0.110s] Level 1:colcon.colcon_core.package_identification:_identify(.) by extension 'cmake'
[0.110s] Level 1:colcon.colcon_core.package_identification:_identify(.) by extension 'python'
[0.110s] Level 1:colcon.colcon_core.package_identification:_identify(.) by extensions ['python_setup_py']
[0.110s] Level 1:colcon.colcon_core.package_identification:_identify(.) by extension 'python_setup_py'
[0.110s] Level 1:colcon.colcon_core.package_identification:_identify(base_interfaces_demo) by extensions ['ignore', 'ignore_ament_install']
[0.110s] Level 1:colcon.colcon_core.package_identification:_identify(base_interfaces_demo) by extension 'ignore'
[0.110s] Level 1:colcon.colcon_core.package_identification:_identify(base_interfaces_demo) by extension 'ignore_ament_install'
[0.110s] Level 1:colcon.colcon_core.package_identification:_identify(base_interfaces_demo) by extensions ['colcon_pkg']
[0.110s] Level 1:colcon.colcon_core.package_identification:_identify(base_interfaces_demo) by extension 'colcon_pkg'
[0.110s] Level 1:colcon.colcon_core.package_identification:_identify(base_interfaces_demo) by extensions ['colcon_meta']
[0.110s] Level 1:colcon.colcon_core.package_identification:_identify(base_interfaces_demo) by extension 'colcon_meta'
[0.110s] Level 1:colcon.colcon_core.package_identification:_identify(base_interfaces_demo) by extensions ['ros']
[0.110s] Level 1:colcon.colcon_core.package_identification:_identify(base_interfaces_demo) by extension 'ros'
[0.111s] DEBUG:colcon.colcon_core.package_identification:Package 'base_interfaces_demo' with type 'ros.ament_cmake' and name 'base_interfaces_demo'
[0.111s] Level 1:colcon.colcon_core.package_identification:_identify(build) by extensions ['ignore', 'ignore_ament_install']
[0.111s] Level 1:colcon.colcon_core.package_identification:_identify(build) by extension 'ignore'
[0.111s] Level 1:colcon.colcon_core.package_identification:_identify(build) ignored
[0.111s] Level 1:colcon.colcon_core.package_identification:_identify(cpp01_topic) by extensions ['ignore', 'ignore_ament_install']
[0.111s] Level 1:colcon.colcon_core.package_identification:_identify(cpp01_topic) by extension 'ignore'
[0.111s] Level 1:colcon.colcon_core.package_identification:_identify(cpp01_topic) by extension 'ignore_ament_install'
[0.111s] Level 1:colcon.colcon_core.package_identification:_identify(cpp01_topic) by extensions ['colcon_pkg']
[0.111s] Level 1:colcon.colcon_core.package_identification:_identify(cpp01_topic) by extension 'colcon_pkg'
[0.111s] Level 1:colcon.colcon_core.package_identification:_identify(cpp01_topic) by extensions ['colcon_meta']
[0.111s] Level 1:colcon.colcon_core.package_identification:_identify(cpp01_topic) by extension 'colcon_meta'
[0.111s] Level 1:colcon.colcon_core.package_identification:_identify(cpp01_topic) by extensions ['ros']
[0.111s] Level 1:colcon.colcon_core.package_identification:_identify(cpp01_topic) by extension 'ros'
[0.112s] DEBUG:colcon.colcon_core.package_identification:Package 'cpp01_topic' with type 'ros.ament_cmake' and name 'cpp01_topic'
[0.112s] Level 1:colcon.colcon_core.package_identification:_identify(install) by extensions ['ignore', 'ignore_ament_install']
[0.112s] Level 1:colcon.colcon_core.package_identification:_identify(install) by extension 'ignore'
[0.112s] Level 1:colcon.colcon_core.package_identification:_identify(install) ignored
[0.112s] Level 1:colcon.colcon_core.package_identification:_identify(log) by extensions ['ignore', 'ignore_ament_install']
[0.112s] Level 1:colcon.colcon_core.package_identification:_identify(log) by extension 'ignore'
[0.112s] Level 1:colcon.colcon_core.package_identification:_identify(log) ignored
[0.112s] Level 1:colcon.colcon_core.package_discovery:discover_packages(recursive) using defaults
[0.112s] Level 1:colcon.colcon_core.package_discovery:discover_packages(ignore) discover
[0.112s] Level 1:colcon.colcon_core.package_discovery:discover_packages(ignore) using defaults
[0.112s] Level 1:colcon.colcon_core.package_discovery:discover_packages(path) discover
[0.112s] Level 1:colcon.colcon_core.package_discovery:discover_packages(path) using defaults
[0.120s] Level 1:colcon.colcon_core.package_discovery:discover_packages(prefix_path) check parameters
[0.120s] Level 1:colcon.colcon_core.package_discovery:discover_packages(prefix_path) discover
[0.121s] DEBUG:colcon.colcon_installed_package_information.package_discovery:Found 270 installed packages in /opt/ros/humble
[0.122s] Level 1:colcon.colcon_core.package_discovery:discover_packages(prefix_path) using defaults
[0.142s] Level 5:colcon.colcon_core.verb:set package 'base_interfaces_demo' build argument 'cmake_args' from command line to 'None'
[0.142s] Level 5:colcon.colcon_core.verb:set package 'base_interfaces_demo' build argument 'cmake_target' from command line to 'None'
[0.142s] Level 5:colcon.colcon_core.verb:set package 'base_interfaces_demo' build argument 'cmake_target_skip_unavailable' from command line to 'False'
[0.143s] Level 5:colcon.colcon_core.verb:set package 'base_interfaces_demo' build argument 'cmake_clean_cache' from command line to 'False'
[0.143s] Level 5:colcon.colcon_core.verb:set package 'base_interfaces_demo' build argument 'cmake_clean_first' from command line to 'False'
[0.143s] Level 5:colcon.colcon_core.verb:set package 'base_interfaces_demo' build argument 'cmake_force_configure' from command line to 'False'
[0.143s] Level 5:colcon.colcon_core.verb:set package 'base_interfaces_demo' build argument 'ament_cmake_args' from command line to 'None'
[0.143s] Level 5:colcon.colcon_core.verb:set package 'base_interfaces_demo' build argument 'catkin_cmake_args' from command line to 'None'
[0.143s] Level 5:colcon.colcon_core.verb:set package 'base_interfaces_demo' build argument 'catkin_skip_building_tests' from command line to 'False'
[0.143s] DEBUG:colcon.colcon_core.verb:Building package 'base_interfaces_demo' with the following arguments: {'ament_cmake_args': None, 'build_base': '/home/amon/桌面/Ros2_learning/ws01_plumbing/src/build/base_interfaces_demo', 'catkin_cmake_args': None, 'catkin_skip_building_tests': False, 'cmake_args': None, 'cmake_clean_cache': False, 'cmake_clean_first': False, 'cmake_force_configure': False, 'cmake_target': None, 'cmake_target_skip_unavailable': False, 'install_base': '/home/amon/桌面/Ros2_learning/ws01_plumbing/src/install/base_interfaces_demo', 'merge_install': False, 'path': '/home/amon/桌面/Ros2_learning/ws01_plumbing/src/base_interfaces_demo', 'symlink_install': False, 'test_result_base': None}
[0.143s] Level 5:colcon.colcon_core.verb:set package 'cpp01_topic' build argument 'cmake_args' from command line to 'None'
[0.143s] Level 5:colcon.colcon_core.verb:set package 'cpp01_topic' build argument 'cmake_target' from command line to 'None'
[0.143s] Level 5:colcon.colcon_core.verb:set package 'cpp01_topic' build argument 'cmake_target_skip_unavailable' from command line to 'False'
[0.143s] Level 5:colcon.colcon_core.verb:set package 'cpp01_topic' build argument 'cmake_clean_cache' from command line to 'False'
[0.143s] Level 5:colcon.colcon_core.verb:set package 'cpp01_topic' build argument 'cmake_clean_first' from command line to 'False'
[0.143s] Level 5:colcon.colcon_core.verb:set package 'cpp01_topic' build argument 'cmake_force_configure' from command line to 'False'
[0.143s] Level 5:colcon.colcon_core.verb:set package 'cpp01_topic' build argument 'ament_cmake_args' from command line to 'None'
[0.143s] Level 5:colcon.colcon_core.verb:set package 'cpp01_topic' build argument 'catkin_cmake_args' from command line to 'None'
[0.143s] Level 5:colcon.colcon_core.verb:set package 'cpp01_topic' build argument 'catkin_skip_building_tests' from command line to 'False'
[0.143s] DEBUG:colcon.colcon_core.verb:Building package 'cpp01_topic' with the following arguments: {'ament_cmake_args': None, 'build_base': '/home/amon/桌面/Ros2_learning/ws01_plumbing/src/build/cpp01_topic', 'catkin_cmake_args': None, 'catkin_skip_building_tests': False, 'cmake_args': None, 'cmake_clean_cache': False, 'cmake_clean_first': False, 'cmake_force_configure': False, 'cmake_target': None, 'cmake_target_skip_unavailable': False, 'install_base': '/home/amon/桌面/Ros2_learning/ws01_plumbing/src/install/cpp01_topic', 'merge_install': False, 'path': '/home/amon/桌面/Ros2_learning/ws01_plumbing/src/cpp01_topic', 'symlink_install': False, 'test_result_base': None}
[0.143s] INFO:colcon.colcon_core.executor:Executing jobs using 'parallel' executor
[0.143s] DEBUG:colcon.colcon_parallel_executor.executor.parallel:run_until_complete
[0.144s] INFO:colcon.colcon_ros.task.ament_cmake.build:Building ROS package in '/home/amon/桌面/Ros2_learning/ws01_plumbing/src/base_interfaces_demo' with build type 'ament_cmake'
[0.144s] INFO:colcon.colcon_cmake.task.cmake.build:Building CMake package in '/home/amon/桌面/Ros2_learning/ws01_plumbing/src/base_interfaces_demo'
[0.144s] INFO:colcon.colcon_core.plugin_system:Skipping extension 'colcon_core.shell.bat': Not used on non-Windows systems
[0.145s] INFO:colcon.colcon_core.shell:Skip shell extension 'powershell' for command environment: Not usable outside of PowerShell
[0.145s] DEBUG:colcon.colcon_core.shell:Skip shell extension 'dsv' for command environment
[0.149s] DEBUG:colcon.colcon_core.event_handler.log_command:Invoking command in '/home/amon/桌面/Ros2_learning/ws01_plumbing/src/build/base_interfaces_demo': CMAKE_PREFIX_PATH=/opt/ros/humble /usr/bin/cmake --build /home/amon/桌面/Ros2_learning/ws01_plumbing/src/build/base_interfaces_demo -- -j28 -l28
[0.168s] DEBUG:colcon.colcon_core.event_handler.log_command:Invoked command in '/home/amon/桌面/Ros2_learning/ws01_plumbing/src/build/base_interfaces_demo' returned '0': CMAKE_PREFIX_PATH=/opt/ros/humble /usr/bin/cmake --build /home/amon/桌面/Ros2_learning/ws01_plumbing/src/build/base_interfaces_demo -- -j28 -l28
[0.187s] DEBUG:colcon.colcon_core.event_handler.log_command:Invoking command in '/home/amon/桌面/Ros2_learning/ws01_plumbing/src/build/base_interfaces_demo': CMAKE_PREFIX_PATH=/opt/ros/humble /usr/bin/cmake --install /home/amon/桌面/Ros2_learning/ws01_plumbing/src/build/base_interfaces_demo
[0.192s] Level 1:colcon.colcon_core.environment:create_environment_scripts_only(base_interfaces_demo)
[0.192s] DEBUG:colcon.colcon_core.event_handler.log_command:Invoked command in '/home/amon/桌面/Ros2_learning/ws01_plumbing/src/build/base_interfaces_demo' returned '0': CMAKE_PREFIX_PATH=/opt/ros/humble /usr/bin/cmake --install /home/amon/桌面/Ros2_learning/ws01_plumbing/src/build/base_interfaces_demo
[0.194s] Level 1:colcon.colcon_core.environment:checking '/home/amon/桌面/Ros2_learning/ws01_plumbing/src/install/base_interfaces_demo' for CMake module files
[0.194s] Level 1:colcon.colcon_core.environment:checking '/home/amon/桌面/Ros2_learning/ws01_plumbing/src/install/base_interfaces_demo' for CMake config files
[0.194s] Level 1:colcon.colcon_core.shell:create_environment_hook('base_interfaces_demo', 'cmake_prefix_path')
[0.194s] INFO:colcon.colcon_core.shell:Creating environment hook '/home/amon/桌面/Ros2_learning/ws01_plumbing/src/install/base_interfaces_demo/share/base_interfaces_demo/hook/cmake_prefix_path.ps1'
[0.195s] INFO:colcon.colcon_core.shell:Creating environment descriptor '/home/amon/桌面/Ros2_learning/ws01_plumbing/src/install/base_interfaces_demo/share/base_interfaces_demo/hook/cmake_prefix_path.dsv'
[0.195s] INFO:colcon.colcon_core.shell:Creating environment hook '/home/amon/桌面/Ros2_learning/ws01_plumbing/src/install/base_interfaces_demo/share/base_interfaces_demo/hook/cmake_prefix_path.sh'
[0.196s] Level 1:colcon.colcon_core.environment:checking '/home/amon/桌面/Ros2_learning/ws01_plumbing/src/install/base_interfaces_demo/bin'
[0.196s] Level 1:colcon.colcon_core.environment:checking '/home/amon/桌面/Ros2_learning/ws01_plumbing/src/install/base_interfaces_demo/lib/pkgconfig/base_interfaces_demo.pc'
[0.196s] Level 1:colcon.colcon_core.environment:checking '/home/amon/桌面/Ros2_learning/ws01_plumbing/src/install/base_interfaces_demo/lib/python3.10/site-packages'
[0.196s] Level 1:colcon.colcon_core.environment:checking '/home/amon/桌面/Ros2_learning/ws01_plumbing/src/install/base_interfaces_demo/bin'
[0.197s] INFO:colcon.colcon_core.shell:Creating package script '/home/amon/桌面/Ros2_learning/ws01_plumbing/src/install/base_interfaces_demo/share/base_interfaces_demo/package.ps1'
[0.197s] INFO:colcon.colcon_core.shell:Creating package descriptor '/home/amon/桌面/Ros2_learning/ws01_plumbing/src/install/base_interfaces_demo/share/base_interfaces_demo/package.dsv'
[0.198s] INFO:colcon.colcon_core.shell:Creating package script '/home/amon/桌面/Ros2_learning/ws01_plumbing/src/install/base_interfaces_demo/share/base_interfaces_demo/package.sh'
[0.198s] INFO:colcon.colcon_core.shell:Creating package script '/home/amon/桌面/Ros2_learning/ws01_plumbing/src/install/base_interfaces_demo/share/base_interfaces_demo/package.bash'
[0.198s] INFO:colcon.colcon_core.shell:Creating package script '/home/amon/桌面/Ros2_learning/ws01_plumbing/src/install/base_interfaces_demo/share/base_interfaces_demo/package.zsh'
[0.199s] Level 1:colcon.colcon_core.environment:create_file_with_runtime_dependencies(/home/amon/桌面/Ros2_learning/ws01_plumbing/src/install/base_interfaces_demo/share/colcon-core/packages/base_interfaces_demo)
[0.218s] Level 1:colcon.colcon_core.environment:create_environment_scripts_only(base_interfaces_demo)
[0.218s] Level 1:colcon.colcon_core.environment:checking '/home/amon/桌面/Ros2_learning/ws01_plumbing/src/install/base_interfaces_demo' for CMake module files
[0.218s] Level 1:colcon.colcon_core.environment:checking '/home/amon/桌面/Ros2_learning/ws01_plumbing/src/install/base_interfaces_demo' for CMake config files
[0.218s] Level 1:colcon.colcon_core.shell:create_environment_hook('base_interfaces_demo', 'cmake_prefix_path')
[0.219s] INFO:colcon.colcon_core.shell:Creating environment hook '/home/amon/桌面/Ros2_learning/ws01_plumbing/src/install/base_interfaces_demo/share/base_interfaces_demo/hook/cmake_prefix_path.ps1'
[0.219s] INFO:colcon.colcon_core.shell:Creating environment descriptor '/home/amon/桌面/Ros2_learning/ws01_plumbing/src/install/base_interfaces_demo/share/base_interfaces_demo/hook/cmake_prefix_path.dsv'
[0.219s] INFO:colcon.colcon_core.shell:Creating environment hook '/home/amon/桌面/Ros2_learning/ws01_plumbing/src/install/base_interfaces_demo/share/base_interfaces_demo/hook/cmake_prefix_path.sh'
[0.219s] Level 1:colcon.colcon_core.environment:checking '/home/amon/桌面/Ros2_learning/ws01_plumbing/src/install/base_interfaces_demo/bin'
[0.219s] Level 1:colcon.colcon_core.environment:checking '/home/amon/桌面/Ros2_learning/ws01_plumbing/src/install/base_interfaces_demo/lib/pkgconfig/base_interfaces_demo.pc'
[0.219s] Level 1:colcon.colcon_core.environment:checking '/home/amon/桌面/Ros2_learning/ws01_plumbing/src/install/base_interfaces_demo/lib/python3.10/site-packages'
[0.219s] Level 1:colcon.colcon_core.environment:checking '/home/amon/桌面/Ros2_learning/ws01_plumbing/src/install/base_interfaces_demo/bin'
[0.220s] INFO:colcon.colcon_core.shell:Creating package script '/home/amon/桌面/Ros2_learning/ws01_plumbing/src/install/base_interfaces_demo/share/base_interfaces_demo/package.ps1'
[0.220s] INFO:colcon.colcon_core.shell:Creating package descriptor '/home/amon/桌面/Ros2_learning/ws01_plumbing/src/install/base_interfaces_demo/share/base_interfaces_demo/package.dsv'
[0.220s] INFO:colcon.colcon_core.shell:Creating package script '/home/amon/桌面/Ros2_learning/ws01_plumbing/src/install/base_interfaces_demo/share/base_interfaces_demo/package.sh'
[0.220s] INFO:colcon.colcon_core.shell:Creating package script '/home/amon/桌面/Ros2_learning/ws01_plumbing/src/install/base_interfaces_demo/share/base_interfaces_demo/package.bash'
[0.220s] INFO:colcon.colcon_core.shell:Creating package script '/home/amon/桌面/Ros2_learning/ws01_plumbing/src/install/base_interfaces_demo/share/base_interfaces_demo/package.zsh'
[0.220s] Level 1:colcon.colcon_core.environment:create_file_with_runtime_dependencies(/home/amon/桌面/Ros2_learning/ws01_plumbing/src/install/base_interfaces_demo/share/colcon-core/packages/base_interfaces_demo)
[0.221s] INFO:colcon.colcon_ros.task.ament_cmake.build:Building ROS package in '/home/amon/桌面/Ros2_learning/ws01_plumbing/src/cpp01_topic' with build type 'ament_cmake'
[0.221s] INFO:colcon.colcon_cmake.task.cmake.build:Building CMake package in '/home/amon/桌面/Ros2_learning/ws01_plumbing/src/cpp01_topic'
[0.221s] INFO:colcon.colcon_core.shell:Skip shell extension 'powershell' for command environment: Not usable outside of PowerShell
[0.221s] DEBUG:colcon.colcon_core.shell:Skip shell extension 'dsv' for command environment
[0.225s] DEBUG:colcon.colcon_core.event_handler.log_command:Invoking command in '/home/amon/桌面/Ros2_learning/ws01_plumbing/src/build/cpp01_topic': AMENT_PREFIX_PATH=/home/amon/桌面/Ros2_learning/ws01_plumbing/src/install/base_interfaces_demo:${AMENT_PREFIX_PATH} CMAKE_PREFIX_PATH=/home/amon/桌面/Ros2_learning/ws01_plumbing/src/install/base_interfaces_demo:/opt/ros/humble /usr/bin/cmake /home/amon/桌面/Ros2_learning/ws01_plumbing/src/cpp01_topic -DCMAKE_INSTALL_PREFIX=/home/amon/桌面/Ros2_learning/ws01_plumbing/src/install/cpp01_topic
[0.445s] DEBUG:colcon.colcon_core.event_handler.log_command:Invoked command in '/home/amon/桌面/Ros2_learning/ws01_plumbing/src/build/cpp01_topic' returned '0': AMENT_PREFIX_PATH=/home/amon/桌面/Ros2_learning/ws01_plumbing/src/install/base_interfaces_demo:${AMENT_PREFIX_PATH} CMAKE_PREFIX_PATH=/home/amon/桌面/Ros2_learning/ws01_plumbing/src/install/base_interfaces_demo:/opt/ros/humble /usr/bin/cmake /home/amon/桌面/Ros2_learning/ws01_plumbing/src/cpp01_topic -DCMAKE_INSTALL_PREFIX=/home/amon/桌面/Ros2_learning/ws01_plumbing/src/install/cpp01_topic
[0.446s] DEBUG:colcon.colcon_core.event_handler.log_command:Invoking command in '/home/amon/桌面/Ros2_learning/ws01_plumbing/src/build/cpp01_topic': AMENT_PREFIX_PATH=/home/amon/桌面/Ros2_learning/ws01_plumbing/src/install/base_interfaces_demo:${AMENT_PREFIX_PATH} CMAKE_PREFIX_PATH=/home/amon/桌面/Ros2_learning/ws01_plumbing/src/install/base_interfaces_demo:/opt/ros/humble /usr/bin/cmake --build /home/amon/桌面/Ros2_learning/ws01_plumbing/src/build/cpp01_topic -- -j28 -l28
[4.037s] DEBUG:colcon.colcon_core.event_handler.log_command:Invoked command in '/home/amon/桌面/Ros2_learning/ws01_plumbing/src/build/cpp01_topic' returned '0': AMENT_PREFIX_PATH=/home/amon/桌面/Ros2_learning/ws01_plumbing/src/install/base_interfaces_demo:${AMENT_PREFIX_PATH} CMAKE_PREFIX_PATH=/home/amon/桌面/Ros2_learning/ws01_plumbing/src/install/base_interfaces_demo:/opt/ros/humble /usr/bin/cmake --build /home/amon/桌面/Ros2_learning/ws01_plumbing/src/build/cpp01_topic -- -j28 -l28
[4.057s] DEBUG:colcon.colcon_core.event_handler.log_command:Invoking command in '/home/amon/桌面/Ros2_learning/ws01_plumbing/src/build/cpp01_topic': AMENT_PREFIX_PATH=/home/amon/桌面/Ros2_learning/ws01_plumbing/src/install/base_interfaces_demo:${AMENT_PREFIX_PATH} CMAKE_PREFIX_PATH=/home/amon/桌面/Ros2_learning/ws01_plumbing/src/install/base_interfaces_demo:/opt/ros/humble /usr/bin/cmake --install /home/amon/桌面/Ros2_learning/ws01_plumbing/src/build/cpp01_topic
[4.069s] Level 1:colcon.colcon_core.environment:create_environment_scripts_only(cpp01_topic)
[4.069s] Level 1:colcon.colcon_core.environment:checking '/home/amon/桌面/Ros2_learning/ws01_plumbing/src/install/cpp01_topic' for CMake module files
[4.069s] DEBUG:colcon.colcon_core.event_handler.log_command:Invoked command in '/home/amon/桌面/Ros2_learning/ws01_plumbing/src/build/cpp01_topic' returned '0': AMENT_PREFIX_PATH=/home/amon/桌面/Ros2_learning/ws01_plumbing/src/install/base_interfaces_demo:${AMENT_PREFIX_PATH} CMAKE_PREFIX_PATH=/home/amon/桌面/Ros2_learning/ws01_plumbing/src/install/base_interfaces_demo:/opt/ros/humble /usr/bin/cmake --install /home/amon/桌面/Ros2_learning/ws01_plumbing/src/build/cpp01_topic
[4.069s] Level 1:colcon.colcon_core.environment:checking '/home/amon/桌面/Ros2_learning/ws01_plumbing/src/install/cpp01_topic' for CMake config files
[4.069s] Level 1:colcon.colcon_core.shell:create_environment_hook('cpp01_topic', 'cmake_prefix_path')
[4.070s] INFO:colcon.colcon_core.shell:Creating environment hook '/home/amon/桌面/Ros2_learning/ws01_plumbing/src/install/cpp01_topic/share/cpp01_topic/hook/cmake_prefix_path.ps1'
[4.070s] INFO:colcon.colcon_core.shell:Creating environment descriptor '/home/amon/桌面/Ros2_learning/ws01_plumbing/src/install/cpp01_topic/share/cpp01_topic/hook/cmake_prefix_path.dsv'
[4.070s] INFO:colcon.colcon_core.shell:Creating environment hook '/home/amon/桌面/Ros2_learning/ws01_plumbing/src/install/cpp01_topic/share/cpp01_topic/hook/cmake_prefix_path.sh'
[4.070s] Level 1:colcon.colcon_core.environment:checking '/home/amon/桌面/Ros2_learning/ws01_plumbing/src/install/cpp01_topic/lib'
[4.070s] Level 1:colcon.colcon_core.environment:checking '/home/amon/桌面/Ros2_learning/ws01_plumbing/src/install/cpp01_topic/bin'
[4.070s] Level 1:colcon.colcon_core.environment:checking '/home/amon/桌面/Ros2_learning/ws01_plumbing/src/install/cpp01_topic/lib/pkgconfig/cpp01_topic.pc'
[4.071s] Level 1:colcon.colcon_core.environment:checking '/home/amon/桌面/Ros2_learning/ws01_plumbing/src/install/cpp01_topic/lib/python3.10/site-packages'
[4.071s] Level 1:colcon.colcon_core.environment:checking '/home/amon/桌面/Ros2_learning/ws01_plumbing/src/install/cpp01_topic/bin'
[4.071s] INFO:colcon.colcon_core.shell:Creating package script '/home/amon/桌面/Ros2_learning/ws01_plumbing/src/install/cpp01_topic/share/cpp01_topic/package.ps1'
[4.071s] INFO:colcon.colcon_core.shell:Creating package descriptor '/home/amon/桌面/Ros2_learning/ws01_plumbing/src/install/cpp01_topic/share/cpp01_topic/package.dsv'
[4.072s] INFO:colcon.colcon_core.shell:Creating package script '/home/amon/桌面/Ros2_learning/ws01_plumbing/src/install/cpp01_topic/share/cpp01_topic/package.sh'
[4.072s] INFO:colcon.colcon_core.shell:Creating package script '/home/amon/桌面/Ros2_learning/ws01_plumbing/src/install/cpp01_topic/share/cpp01_topic/package.bash'
[4.072s] INFO:colcon.colcon_core.shell:Creating package script '/home/amon/桌面/Ros2_learning/ws01_plumbing/src/install/cpp01_topic/share/cpp01_topic/package.zsh'
[4.072s] Level 1:colcon.colcon_core.environment:create_file_with_runtime_dependencies(/home/amon/桌面/Ros2_learning/ws01_plumbing/src/install/cpp01_topic/share/colcon-core/packages/cpp01_topic)
[4.124s] Level 1:colcon.colcon_core.environment:create_environment_scripts_only(cpp01_topic)
[4.125s] Level 1:colcon.colcon_core.environment:checking '/home/amon/桌面/Ros2_learning/ws01_plumbing/src/install/cpp01_topic' for CMake module files
[4.126s] Level 1:colcon.colcon_core.environment:checking '/home/amon/桌面/Ros2_learning/ws01_plumbing/src/install/cpp01_topic' for CMake config files
[4.126s] Level 1:colcon.colcon_core.shell:create_environment_hook('cpp01_topic', 'cmake_prefix_path')
[4.127s] INFO:colcon.colcon_core.shell:Creating environment hook '/home/amon/桌面/Ros2_learning/ws01_plumbing/src/install/cpp01_topic/share/cpp01_topic/hook/cmake_prefix_path.ps1'
[4.128s] INFO:colcon.colcon_core.shell:Creating environment descriptor '/home/amon/桌面/Ros2_learning/ws01_plumbing/src/install/cpp01_topic/share/cpp01_topic/hook/cmake_prefix_path.dsv'
[4.129s] INFO:colcon.colcon_core.shell:Creating environment hook '/home/amon/桌面/Ros2_learning/ws01_plumbing/src/install/cpp01_topic/share/cpp01_topic/hook/cmake_prefix_path.sh'
[4.130s] Level 1:colcon.colcon_core.environment:checking '/home/amon/桌面/Ros2_learning/ws01_plumbing/src/install/cpp01_topic/lib'
[4.131s] Level 1:colcon.colcon_core.environment:checking '/home/amon/桌面/Ros2_learning/ws01_plumbing/src/install/cpp01_topic/bin'
[4.131s] Level 1:colcon.colcon_core.environment:checking '/home/amon/桌面/Ros2_learning/ws01_plumbing/src/install/cpp01_topic/lib/pkgconfig/cpp01_topic.pc'
[4.132s] Level 1:colcon.colcon_core.environment:checking '/home/amon/桌面/Ros2_learning/ws01_plumbing/src/install/cpp01_topic/lib/python3.10/site-packages'
[4.132s] Level 1:colcon.colcon_core.environment:checking '/home/amon/桌面/Ros2_learning/ws01_plumbing/src/install/cpp01_topic/bin'
[4.133s] INFO:colcon.colcon_core.shell:Creating package script '/home/amon/桌面/Ros2_learning/ws01_plumbing/src/install/cpp01_topic/share/cpp01_topic/package.ps1'
[4.135s] INFO:colcon.colcon_core.shell:Creating package descriptor '/home/amon/桌面/Ros2_learning/ws01_plumbing/src/install/cpp01_topic/share/cpp01_topic/package.dsv'
[4.136s] INFO:colcon.colcon_core.shell:Creating package script '/home/amon/桌面/Ros2_learning/ws01_plumbing/src/install/cpp01_topic/share/cpp01_topic/package.sh'
[4.136s] INFO:colcon.colcon_core.shell:Creating package script '/home/amon/桌面/Ros2_learning/ws01_plumbing/src/install/cpp01_topic/share/cpp01_topic/package.bash'
[4.137s] INFO:colcon.colcon_core.shell:Creating package script '/home/amon/桌面/Ros2_learning/ws01_plumbing/src/install/cpp01_topic/share/cpp01_topic/package.zsh'
[4.138s] Level 1:colcon.colcon_core.environment:create_file_with_runtime_dependencies(/home/amon/桌面/Ros2_learning/ws01_plumbing/src/install/cpp01_topic/share/colcon-core/packages/cpp01_topic)
[4.138s] DEBUG:colcon.colcon_parallel_executor.executor.parallel:closing loop
[4.139s] DEBUG:colcon.colcon_parallel_executor.executor.parallel:loop closed
[4.139s] DEBUG:colcon.colcon_parallel_executor.executor.parallel:run_until_complete finished with '0'
[4.139s] DEBUG:colcon.colcon_core.event_reactor:joining thread
[4.148s] INFO:colcon.colcon_core.plugin_system:Skipping extension 'colcon_notification.desktop_notification.terminal_notifier': Not used on non-Darwin systems
[4.148s] INFO:colcon.colcon_core.plugin_system:Skipping extension 'colcon_notification.desktop_notification.win32': Not used on non-Windows systems
[4.148s] INFO:colcon.colcon_notification.desktop_notification:Sending desktop notification using 'notify2'
[4.158s] DEBUG:colcon.colcon_core.event_reactor:joined thread
[4.159s] INFO:colcon.colcon_core.shell:Creating prefix script '/home/amon/桌面/Ros2_learning/ws01_plumbing/src/install/local_setup.ps1'
[4.160s] INFO:colcon.colcon_core.shell:Creating prefix util module '/home/amon/桌面/Ros2_learning/ws01_plumbing/src/install/_local_setup_util_ps1.py'
[4.161s] INFO:colcon.colcon_core.shell:Creating prefix chain script '/home/amon/桌面/Ros2_learning/ws01_plumbing/src/install/setup.ps1'
[4.161s] INFO:colcon.colcon_core.shell:Creating prefix script '/home/amon/桌面/Ros2_learning/ws01_plumbing/src/install/local_setup.sh'
[4.162s] INFO:colcon.colcon_core.shell:Creating prefix util module '/home/amon/桌面/Ros2_learning/ws01_plumbing/src/install/_local_setup_util_sh.py'
[4.162s] INFO:colcon.colcon_core.shell:Creating prefix chain script '/home/amon/桌面/Ros2_learning/ws01_plumbing/src/install/setup.sh'
[4.163s] INFO:colcon.colcon_core.shell:Creating prefix script '/home/amon/桌面/Ros2_learning/ws01_plumbing/src/install/local_setup.bash'
[4.163s] INFO:colcon.colcon_core.shell:Creating prefix chain script '/home/amon/桌面/Ros2_learning/ws01_plumbing/src/install/setup.bash'
[4.163s] INFO:colcon.colcon_core.shell:Creating prefix script '/home/amon/桌面/Ros2_learning/ws01_plumbing/src/install/local_setup.zsh'
[4.164s] INFO:colcon.colcon_core.shell:Creating prefix chain script '/home/amon/桌面/Ros2_learning/ws01_plumbing/src/install/setup.zsh'
