[0.005s] Invoking command in '/home/amon/桌面/Ros2_learning/ws01_plumbing/build/base_interfaces_demo': CMAKE_PREFIX_PATH=/opt/ros/humble /usr/bin/cmake /home/amon/桌面/Ros2_learning/ws01_plumbing/src/base_interfaces_demo -DCMAKE_INSTALL_PREFIX=/home/amon/桌面/Ros2_learning/ws01_plumbing/install/base_interfaces_demo
[0.041s] -- The C compiler identification is GNU 11.4.0
[0.109s] -- The CXX compiler identification is GNU 11.4.0
[0.113s] -- Detecting C compiler ABI info
[0.206s] -- Detecting C compiler ABI info - done
[0.213s] -- Check for working C compiler: /usr/bin/cc - skipped
[0.213s] -- Detecting C compile features
[0.213s] -- Detecting C compile features - done
[0.217s] -- Detecting CXX compiler ABI info
[0.315s] -- Detecting CXX compiler ABI info - done
[0.318s] -- Check for working CXX compiler: /usr/bin/c++ - skipped
[0.318s] -- Detecting CXX compile features
[0.319s] -- Detecting CXX compile features - done
[0.319s] -- Found ament_cmake: 1.3.10 (/opt/ros/humble/share/ament_cmake/cmake)
[0.401s] -- Found Python3: /usr/bin/python3 (found version "3.10.12") found components: Interpreter 
[0.454s] -- Found rosidl_default_generators: 1.2.0 (/opt/ros/humble/share/rosidl_default_generators/cmake)
[0.455s] -- Using all available rosidl_typesupport_c: rosidl_typesupport_fastrtps_c;rosidl_typesupport_introspection_c
[0.457s] -- Found rosidl_adapter: 3.1.5 (/opt/ros/humble/share/rosidl_adapter/cmake)
[0.472s] -- Using all available rosidl_typesupport_cpp: rosidl_typesupport_fastrtps_cpp;rosidl_typesupport_introspection_cpp
[0.584s] [31mCMake Error at /opt/ros/humble/share/rosidl_cmake/cmake/rosidl_generate_interfaces.cmake:240 (list):
[0.584s]   list index: 1 out of range (-1, 0)
[0.584s] Call Stack (most recent call first):
[0.584s]   CMakeLists.txt:15 (rosidl_generate_interfaces)
[0.584s] 
[0.584s] [0m
[0.585s] [31mCMake Error at /opt/ros/humble/share/rosidl_generator_c/cmake/rosidl_generator_c_generate_interfaces.cmake:69 (message):
[0.585s]   Target dependency
[0.585s]   '/Ros2_learning/ws01_plumbing/build/base_interfaces_demo/rosidl_adapter/base_interfaces_demo/srv/AddInts.idl'
[0.585s]   does not exist
[0.585s] Call Stack (most recent call first):
[0.585s]   /opt/ros/humble/share/ament_cmake_core/cmake/core/ament_execute_extensions.cmake:48 (include)
[0.585s]   /opt/ros/humble/share/rosidl_cmake/cmake/rosidl_generate_interfaces.cmake:286 (ament_execute_extensions)
[0.585s]   CMakeLists.txt:15 (rosidl_generate_interfaces)
[0.585s] 
[0.585s] [0m
[0.585s] -- Configuring incomplete, errors occurred!
[0.585s] See also "/home/amon/桌面/Ros2_learning/ws01_plumbing/build/base_interfaces_demo/CMakeFiles/CMakeOutput.log".
[0.588s] Invoked command in '/home/amon/桌面/Ros2_learning/ws01_plumbing/build/base_interfaces_demo' returned '1': CMAKE_PREFIX_PATH=/opt/ros/humble /usr/bin/cmake /home/amon/桌面/Ros2_learning/ws01_plumbing/src/base_interfaces_demo -DCMAKE_INSTALL_PREFIX=/home/amon/桌面/Ros2_learning/ws01_plumbing/install/base_interfaces_demo
