[0.044s] DEBUG:colcon:Command line arguments: ['/usr/bin/colcon', 'build', '--packages-select', 'cpp01_topic']
[0.044s] DEBUG:colcon:Parsed command line arguments: Namespace(log_base=None, log_level=None, verb_name='build', build_base='build', install_base='install', merge_install=False, symlink_install=False, test_result_base=None, continue_on_error=False, executor='parallel', parallel_workers=28, event_handlers=None, ignore_user_meta=False, metas=['./colcon.meta'], base_paths=['.'], packages_ignore=None, packages_ignore_regex=None, paths=None, packages_up_to=None, packages_up_to_regex=None, packages_above=None, packages_above_and_dependencies=None, packages_above_depth=None, packages_select_by_dep=None, packages_skip_by_dep=None, packages_skip_up_to=None, packages_select_build_failed=False, packages_skip_build_finished=False, packages_select_test_failures=False, packages_skip_test_passed=False, packages_select=['cpp01_topic'], packages_skip=None, packages_select_regex=None, packages_skip_regex=None, packages_start=None, packages_end=None, allow_overriding=[], cmake_args=None, cmake_target=None, cmake_target_skip_unavailable=False, cmake_clean_cache=False, cmake_clean_first=False, cmake_force_configure=False, ament_cmake_args=None, catkin_cmake_args=None, catkin_skip_building_tests=False, verb_parser=<colcon_defaults.argument_parser.defaults.DefaultArgumentsDecorator object at 0x7e40fd313af0>, verb_extension=<colcon_core.verb.build.BuildVerb object at 0x7e40fd454670>, main=<bound method BuildVerb.main of <colcon_core.verb.build.BuildVerb object at 0x7e40fd454670>>)
[0.104s] Level 1:colcon.colcon_core.package_discovery:discover_packages(colcon_meta) check parameters
[0.104s] Level 1:colcon.colcon_core.package_discovery:discover_packages(recursive) check parameters
[0.104s] Level 1:colcon.colcon_core.package_discovery:discover_packages(ignore) check parameters
[0.104s] Level 1:colcon.colcon_core.package_discovery:discover_packages(path) check parameters
[0.104s] Level 1:colcon.colcon_core.package_discovery:discover_packages(colcon_meta) discover
[0.104s] Level 1:colcon.colcon_core.package_discovery:discover_packages(recursive) discover
[0.104s] INFO:colcon.colcon_core.package_discovery:Crawling recursively for packages in '/home/amon/桌面/Ros2_learning/ws01_plumbing/src'
[0.104s] Level 1:colcon.colcon_core.package_identification:_identify(.) by extensions ['ignore', 'ignore_ament_install']
[0.104s] Level 1:colcon.colcon_core.package_identification:_identify(.) by extension 'ignore'
[0.104s] Level 1:colcon.colcon_core.package_identification:_identify(.) by extension 'ignore_ament_install'
[0.104s] Level 1:colcon.colcon_core.package_identification:_identify(.) by extensions ['colcon_pkg']
[0.104s] Level 1:colcon.colcon_core.package_identification:_identify(.) by extension 'colcon_pkg'
[0.104s] Level 1:colcon.colcon_core.package_identification:_identify(.) by extensions ['colcon_meta']
[0.104s] Level 1:colcon.colcon_core.package_identification:_identify(.) by extension 'colcon_meta'
[0.104s] Level 1:colcon.colcon_core.package_identification:_identify(.) by extensions ['ros']
[0.104s] Level 1:colcon.colcon_core.package_identification:_identify(.) by extension 'ros'
[0.109s] Level 1:colcon.colcon_core.package_identification:_identify(.) by extensions ['cmake', 'python']
[0.109s] Level 1:colcon.colcon_core.package_identification:_identify(.) by extension 'cmake'
[0.109s] Level 1:colcon.colcon_core.package_identification:_identify(.) by extension 'python'
[0.110s] Level 1:colcon.colcon_core.package_identification:_identify(.) by extensions ['python_setup_py']
[0.110s] Level 1:colcon.colcon_core.package_identification:_identify(.) by extension 'python_setup_py'
[0.110s] Level 1:colcon.colcon_core.package_identification:_identify(base_interfaces_demo) by extensions ['ignore', 'ignore_ament_install']
[0.110s] Level 1:colcon.colcon_core.package_identification:_identify(base_interfaces_demo) by extension 'ignore'
[0.110s] Level 1:colcon.colcon_core.package_identification:_identify(base_interfaces_demo) by extension 'ignore_ament_install'
[0.110s] Level 1:colcon.colcon_core.package_identification:_identify(base_interfaces_demo) by extensions ['colcon_pkg']
[0.110s] Level 1:colcon.colcon_core.package_identification:_identify(base_interfaces_demo) by extension 'colcon_pkg'
[0.110s] Level 1:colcon.colcon_core.package_identification:_identify(base_interfaces_demo) by extensions ['colcon_meta']
[0.110s] Level 1:colcon.colcon_core.package_identification:_identify(base_interfaces_demo) by extension 'colcon_meta'
[0.110s] Level 1:colcon.colcon_core.package_identification:_identify(base_interfaces_demo) by extensions ['ros']
[0.110s] Level 1:colcon.colcon_core.package_identification:_identify(base_interfaces_demo) by extension 'ros'
[0.111s] DEBUG:colcon.colcon_core.package_identification:Package 'base_interfaces_demo' with type 'ros.ament_cmake' and name 'base_interfaces_demo'
[0.111s] Level 1:colcon.colcon_core.package_identification:_identify(build) by extensions ['ignore', 'ignore_ament_install']
[0.111s] Level 1:colcon.colcon_core.package_identification:_identify(build) by extension 'ignore'
[0.111s] Level 1:colcon.colcon_core.package_identification:_identify(build) ignored
[0.111s] Level 1:colcon.colcon_core.package_identification:_identify(cpp01_topic) by extensions ['ignore', 'ignore_ament_install']
[0.111s] Level 1:colcon.colcon_core.package_identification:_identify(cpp01_topic) by extension 'ignore'
[0.111s] Level 1:colcon.colcon_core.package_identification:_identify(cpp01_topic) by extension 'ignore_ament_install'
[0.111s] Level 1:colcon.colcon_core.package_identification:_identify(cpp01_topic) by extensions ['colcon_pkg']
[0.111s] Level 1:colcon.colcon_core.package_identification:_identify(cpp01_topic) by extension 'colcon_pkg'
[0.111s] Level 1:colcon.colcon_core.package_identification:_identify(cpp01_topic) by extensions ['colcon_meta']
[0.111s] Level 1:colcon.colcon_core.package_identification:_identify(cpp01_topic) by extension 'colcon_meta'
[0.111s] Level 1:colcon.colcon_core.package_identification:_identify(cpp01_topic) by extensions ['ros']
[0.111s] Level 1:colcon.colcon_core.package_identification:_identify(cpp01_topic) by extension 'ros'
[0.112s] DEBUG:colcon.colcon_core.package_identification:Package 'cpp01_topic' with type 'ros.ament_cmake' and name 'cpp01_topic'
[0.112s] Level 1:colcon.colcon_core.package_identification:_identify(install) by extensions ['ignore', 'ignore_ament_install']
[0.112s] Level 1:colcon.colcon_core.package_identification:_identify(install) by extension 'ignore'
[0.112s] Level 1:colcon.colcon_core.package_identification:_identify(install) ignored
[0.112s] Level 1:colcon.colcon_core.package_identification:_identify(log) by extensions ['ignore', 'ignore_ament_install']
[0.112s] Level 1:colcon.colcon_core.package_identification:_identify(log) by extension 'ignore'
[0.112s] Level 1:colcon.colcon_core.package_identification:_identify(log) ignored
[0.112s] Level 1:colcon.colcon_core.package_discovery:discover_packages(recursive) using defaults
[0.112s] Level 1:colcon.colcon_core.package_discovery:discover_packages(ignore) discover
[0.112s] Level 1:colcon.colcon_core.package_discovery:discover_packages(ignore) using defaults
[0.112s] Level 1:colcon.colcon_core.package_discovery:discover_packages(path) discover
[0.112s] Level 1:colcon.colcon_core.package_discovery:discover_packages(path) using defaults
[0.120s] INFO:colcon.colcon_core.package_selection:Skipping not selected package 'base_interfaces_demo' in 'base_interfaces_demo'
[0.120s] Level 1:colcon.colcon_core.package_discovery:discover_packages(prefix_path) check parameters
[0.120s] Level 1:colcon.colcon_core.package_discovery:discover_packages(prefix_path) discover
[0.121s] DEBUG:colcon.colcon_installed_package_information.package_discovery:Found 270 installed packages in /opt/ros/humble
[0.122s] Level 1:colcon.colcon_core.package_discovery:discover_packages(prefix_path) using defaults
[0.140s] Level 5:colcon.colcon_core.verb:set package 'cpp01_topic' build argument 'cmake_args' from command line to 'None'
[0.140s] Level 5:colcon.colcon_core.verb:set package 'cpp01_topic' build argument 'cmake_target' from command line to 'None'
[0.140s] Level 5:colcon.colcon_core.verb:set package 'cpp01_topic' build argument 'cmake_target_skip_unavailable' from command line to 'False'
[0.140s] Level 5:colcon.colcon_core.verb:set package 'cpp01_topic' build argument 'cmake_clean_cache' from command line to 'False'
[0.140s] Level 5:colcon.colcon_core.verb:set package 'cpp01_topic' build argument 'cmake_clean_first' from command line to 'False'
[0.140s] Level 5:colcon.colcon_core.verb:set package 'cpp01_topic' build argument 'cmake_force_configure' from command line to 'False'
[0.140s] Level 5:colcon.colcon_core.verb:set package 'cpp01_topic' build argument 'ament_cmake_args' from command line to 'None'
[0.140s] Level 5:colcon.colcon_core.verb:set package 'cpp01_topic' build argument 'catkin_cmake_args' from command line to 'None'
[0.140s] Level 5:colcon.colcon_core.verb:set package 'cpp01_topic' build argument 'catkin_skip_building_tests' from command line to 'False'
[0.140s] DEBUG:colcon.colcon_core.verb:Building package 'cpp01_topic' with the following arguments: {'ament_cmake_args': None, 'build_base': '/home/amon/桌面/Ros2_learning/ws01_plumbing/src/build/cpp01_topic', 'catkin_cmake_args': None, 'catkin_skip_building_tests': False, 'cmake_args': None, 'cmake_clean_cache': False, 'cmake_clean_first': False, 'cmake_force_configure': False, 'cmake_target': None, 'cmake_target_skip_unavailable': False, 'install_base': '/home/amon/桌面/Ros2_learning/ws01_plumbing/src/install/cpp01_topic', 'merge_install': False, 'path': '/home/amon/桌面/Ros2_learning/ws01_plumbing/src/cpp01_topic', 'symlink_install': False, 'test_result_base': None}
[0.140s] INFO:colcon.colcon_core.executor:Executing jobs using 'parallel' executor
[0.140s] DEBUG:colcon.colcon_parallel_executor.executor.parallel:run_until_complete
[0.141s] INFO:colcon.colcon_ros.task.ament_cmake.build:Building ROS package in '/home/amon/桌面/Ros2_learning/ws01_plumbing/src/cpp01_topic' with build type 'ament_cmake'
[0.141s] INFO:colcon.colcon_cmake.task.cmake.build:Building CMake package in '/home/amon/桌面/Ros2_learning/ws01_plumbing/src/cpp01_topic'
[0.141s] INFO:colcon.colcon_core.plugin_system:Skipping extension 'colcon_core.shell.bat': Not used on non-Windows systems
[0.142s] INFO:colcon.colcon_core.shell:Skip shell extension 'powershell' for command environment: Not usable outside of PowerShell
[0.142s] DEBUG:colcon.colcon_core.shell:Skip shell extension 'dsv' for command environment
[0.142s] ERROR:colcon.colcon_cmake.task.cmake.build:Failed to find the following files:
- /home/amon/桌面/Ros2_learning/ws01_plumbing/src/install/base_interfaces_demo/share/base_interfaces_demo/package.sh
Check that the following packages have been built:
- base_interfaces_demo
[0.142s] Level 1:colcon.colcon_core.environment:create_environment_scripts_only(cpp01_topic)
[0.144s] Level 1:colcon.colcon_core.environment:checking '/home/amon/桌面/Ros2_learning/ws01_plumbing/src/install/cpp01_topic' for CMake module files
[0.144s] Level 1:colcon.colcon_core.environment:checking '/home/amon/桌面/Ros2_learning/ws01_plumbing/src/install/cpp01_topic' for CMake config files
[0.145s] Level 1:colcon.colcon_core.environment:checking '/home/amon/桌面/Ros2_learning/ws01_plumbing/src/install/cpp01_topic/bin'
[0.145s] Level 1:colcon.colcon_core.environment:checking '/home/amon/桌面/Ros2_learning/ws01_plumbing/src/install/cpp01_topic/lib/pkgconfig/cpp01_topic.pc'
[0.145s] Level 1:colcon.colcon_core.environment:checking '/home/amon/桌面/Ros2_learning/ws01_plumbing/src/install/cpp01_topic/lib/python3.10/site-packages'
[0.145s] Level 1:colcon.colcon_core.environment:checking '/home/amon/桌面/Ros2_learning/ws01_plumbing/src/install/cpp01_topic/bin'
[0.145s] INFO:colcon.colcon_core.shell:Creating package script '/home/amon/桌面/Ros2_learning/ws01_plumbing/src/install/cpp01_topic/share/cpp01_topic/package.ps1'
[0.145s] INFO:colcon.colcon_core.shell:Creating package descriptor '/home/amon/桌面/Ros2_learning/ws01_plumbing/src/install/cpp01_topic/share/cpp01_topic/package.dsv'
[0.145s] INFO:colcon.colcon_core.shell:Creating package script '/home/amon/桌面/Ros2_learning/ws01_plumbing/src/install/cpp01_topic/share/cpp01_topic/package.sh'
[0.146s] INFO:colcon.colcon_core.shell:Creating package script '/home/amon/桌面/Ros2_learning/ws01_plumbing/src/install/cpp01_topic/share/cpp01_topic/package.bash'
[0.146s] INFO:colcon.colcon_core.shell:Creating package script '/home/amon/桌面/Ros2_learning/ws01_plumbing/src/install/cpp01_topic/share/cpp01_topic/package.zsh'
[0.146s] Level 1:colcon.colcon_core.environment:create_file_with_runtime_dependencies(/home/amon/桌面/Ros2_learning/ws01_plumbing/src/install/cpp01_topic/share/colcon-core/packages/cpp01_topic)
[0.157s] DEBUG:colcon.colcon_parallel_executor.executor.parallel:closing loop
[0.157s] DEBUG:colcon.colcon_parallel_executor.executor.parallel:loop closed
[0.157s] DEBUG:colcon.colcon_parallel_executor.executor.parallel:run_until_complete finished with '1'
[0.157s] DEBUG:colcon.colcon_core.event_reactor:joining thread
[0.160s] INFO:colcon.colcon_core.plugin_system:Skipping extension 'colcon_notification.desktop_notification.terminal_notifier': Not used on non-Darwin systems
[0.160s] INFO:colcon.colcon_core.plugin_system:Skipping extension 'colcon_notification.desktop_notification.win32': Not used on non-Windows systems
[0.160s] INFO:colcon.colcon_notification.desktop_notification:Sending desktop notification using 'notify2'
[0.166s] DEBUG:colcon.colcon_core.event_reactor:joined thread
[0.166s] INFO:colcon.colcon_core.shell:Creating prefix script '/home/amon/桌面/Ros2_learning/ws01_plumbing/src/install/local_setup.ps1'
[0.167s] INFO:colcon.colcon_core.shell:Creating prefix util module '/home/amon/桌面/Ros2_learning/ws01_plumbing/src/install/_local_setup_util_ps1.py'
[0.167s] INFO:colcon.colcon_core.shell:Creating prefix chain script '/home/amon/桌面/Ros2_learning/ws01_plumbing/src/install/setup.ps1'
[0.168s] INFO:colcon.colcon_core.shell:Creating prefix script '/home/amon/桌面/Ros2_learning/ws01_plumbing/src/install/local_setup.sh'
[0.168s] INFO:colcon.colcon_core.shell:Creating prefix util module '/home/amon/桌面/Ros2_learning/ws01_plumbing/src/install/_local_setup_util_sh.py'
[0.168s] INFO:colcon.colcon_core.shell:Creating prefix chain script '/home/amon/桌面/Ros2_learning/ws01_plumbing/src/install/setup.sh'
[0.169s] INFO:colcon.colcon_core.shell:Creating prefix script '/home/amon/桌面/Ros2_learning/ws01_plumbing/src/install/local_setup.bash'
[0.169s] INFO:colcon.colcon_core.shell:Creating prefix chain script '/home/amon/桌面/Ros2_learning/ws01_plumbing/src/install/setup.bash'
[0.170s] INFO:colcon.colcon_core.shell:Creating prefix script '/home/amon/桌面/Ros2_learning/ws01_plumbing/src/install/local_setup.zsh'
[0.170s] INFO:colcon.colcon_core.shell:Creating prefix chain script '/home/amon/桌面/Ros2_learning/ws01_plumbing/src/install/setup.zsh'
