[0.005s] Invoking command in '/home/amon/Ros2_learning/ws01_plumbing/build/cpp05_names': CMAKE_PREFIX_PATH=${CMAKE_PREFIX_PATH}:/opt/ros/humble /usr/bin/cmake --build /home/amon/Ros2_learning/ws01_plumbing/build/cpp05_names -- -j28 -l28
[0.037s] [100%] Built target demo01_names
[0.046s] Invoked command in '/home/amon/Ros2_learning/ws01_plumbing/build/cpp05_names' returned '0': CMAKE_PREFIX_PATH=${CMAKE_PREFIX_PATH}:/opt/ros/humble /usr/bin/cmake --build /home/amon/Ros2_learning/ws01_plumbing/build/cpp05_names -- -j28 -l28
[0.123s] Invoking command in '/home/amon/Ros2_learning/ws01_plumbing/build/cpp05_names': CMAKE_PREFIX_PATH=${CMAKE_PREFIX_PATH}:/opt/ros/humble /usr/bin/cmake --install /home/amon/Ros2_learning/ws01_plumbing/build/cpp05_names
[0.137s] -- Install configuration: ""
[0.138s] -- Up-to-date: /home/amon/Ros2_learning/ws01_plumbing/install/cpp05_names/lib/cpp05_names/demo01_names
[0.138s] -- Up-to-date: /home/amon/Ros2_learning/ws01_plumbing/install/cpp05_names/share/cpp05_names/launch
[0.138s] -- Installing: /home/amon/Ros2_learning/ws01_plumbing/install/cpp05_names/share/cpp05_names/launch/demo01_names_launch.py
[0.138s] -- Up-to-date: /home/amon/Ros2_learning/ws01_plumbing/install/cpp05_names/share/ament_index/resource_index/package_run_dependencies/cpp05_names
[0.138s] -- Up-to-date: /home/amon/Ros2_learning/ws01_plumbing/install/cpp05_names/share/ament_index/resource_index/parent_prefix_path/cpp05_names
[0.139s] -- Up-to-date: /home/amon/Ros2_learning/ws01_plumbing/install/cpp05_names/share/cpp05_names/environment/ament_prefix_path.sh
[0.139s] -- Up-to-date: /home/amon/Ros2_learning/ws01_plumbing/install/cpp05_names/share/cpp05_names/environment/ament_prefix_path.dsv
[0.139s] -- Up-to-date: /home/amon/Ros2_learning/ws01_plumbing/install/cpp05_names/share/cpp05_names/environment/path.sh
[0.139s] -- Up-to-date: /home/amon/Ros2_learning/ws01_plumbing/install/cpp05_names/share/cpp05_names/environment/path.dsv
[0.139s] -- Up-to-date: /home/amon/Ros2_learning/ws01_plumbing/install/cpp05_names/share/cpp05_names/local_setup.bash
[0.139s] -- Up-to-date: /home/amon/Ros2_learning/ws01_plumbing/install/cpp05_names/share/cpp05_names/local_setup.sh
[0.139s] -- Up-to-date: /home/amon/Ros2_learning/ws01_plumbing/install/cpp05_names/share/cpp05_names/local_setup.zsh
[0.140s] -- Up-to-date: /home/amon/Ros2_learning/ws01_plumbing/install/cpp05_names/share/cpp05_names/local_setup.dsv
[0.140s] -- Installing: /home/amon/Ros2_learning/ws01_plumbing/install/cpp05_names/share/cpp05_names/package.dsv
[0.140s] -- Up-to-date: /home/amon/Ros2_learning/ws01_plumbing/install/cpp05_names/share/ament_index/resource_index/packages/cpp05_names
[0.140s] -- Up-to-date: /home/amon/Ros2_learning/ws01_plumbing/install/cpp05_names/share/cpp05_names/cmake/cpp05_namesConfig.cmake
[0.140s] -- Up-to-date: /home/amon/Ros2_learning/ws01_plumbing/install/cpp05_names/share/cpp05_names/cmake/cpp05_namesConfig-version.cmake
[0.140s] -- Up-to-date: /home/amon/Ros2_learning/ws01_plumbing/install/cpp05_names/share/cpp05_names/package.xml
[0.142s] Invoked command in '/home/amon/Ros2_learning/ws01_plumbing/build/cpp05_names' returned '0': CMAKE_PREFIX_PATH=${CMAKE_PREFIX_PATH}:/opt/ros/humble /usr/bin/cmake --install /home/amon/Ros2_learning/ws01_plumbing/build/cpp05_names
