[0.004s] Invoking command in '/home/amon/桌面/Ros2_learning/ws01_plumbing/src/build/cpp01_topic': AMENT_PREFIX_PATH=/home/amon/桌面/Ros2_learning/ws01_plumbing/src/install/base_interfaces_demo:${AMENT_PREFIX_PATH} CMAKE_PREFIX_PATH=/home/amon/桌面/Ros2_learning/ws01_plumbing/src/install/base_interfaces_demo:/opt/ros/humble /usr/bin/cmake /home/amon/桌面/Ros2_learning/ws01_plumbing/src/cpp01_topic -DCMAKE_INSTALL_PREFIX=/home/amon/桌面/Ros2_learning/ws01_plumbing/src/install/cpp01_topic
[0.010s] -- Found ament_cmake: 1.3.10 (/opt/ros/humble/share/ament_cmake/cmake)
[0.074s] -- Found rclcpp: 16.0.10 (/opt/ros/humble/share/rclcpp/cmake)
[0.088s] -- Found rosidl_generator_c: 3.1.5 (/opt/ros/humble/share/rosidl_generator_c/cmake)
[0.089s] -- Found rosidl_adapter: 3.1.5 (/opt/ros/humble/share/rosidl_adapter/cmake)
[0.091s] -- Found rosidl_generator_cpp: 3.1.5 (/opt/ros/humble/share/rosidl_generator_cpp/cmake)
[0.096s] -- Using all available rosidl_typesupport_c: rosidl_typesupport_fastrtps_c;rosidl_typesupport_introspection_c
[0.101s] -- Using all available rosidl_typesupport_cpp: rosidl_typesupport_fastrtps_cpp;rosidl_typesupport_introspection_cpp
[0.115s] -- Found rmw_implementation_cmake: 6.1.2 (/opt/ros/humble/share/rmw_implementation_cmake/cmake)
[0.116s] -- Found rmw_fastrtps_cpp: 6.2.7 (/opt/ros/humble/share/rmw_fastrtps_cpp/cmake)
[0.163s] -- Using RMW implementation 'rmw_fastrtps_cpp' as default
[0.188s] -- Found base_interfaces_demo: 0.0.0 (/home/amon/桌面/Ros2_learning/ws01_plumbing/src/install/base_interfaces_demo/share/base_interfaces_demo/cmake)
[0.189s] -- Found ament_lint_auto: 0.12.11 (/opt/ros/humble/share/ament_lint_auto/cmake)
[0.221s] -- Added test 'cppcheck' to perform static code analysis on C / C++ code
[0.221s] -- Configured cppcheck include dirs: 
[0.221s] -- Configured cppcheck exclude dirs and/or files: 
[0.221s] -- Added test 'lint_cmake' to check CMake code style
[0.221s] -- Added test 'uncrustify' to check C / C++ code style
[0.221s] -- Configured uncrustify additional arguments: 
[0.221s] -- Added test 'xmllint' to check XML markup files
[0.222s] -- Configuring done
[0.224s] [31mCMake Error at CMakeLists.txt:14 (add_executable):
[0.224s]   Cannot find source file:
[0.224s] 
[0.224s]     src/demo01_talker_str.cpp
[0.224s] 
[0.224s]   Tried extensions .c .C .c++ .cc .cpp .cxx .cu .mpp .m .M .mm .ixx .cppm .h
[0.224s]   .hh .h++ .hm .hpp .hxx .in .txx .f .F .for .f77 .f90 .f95 .f03 .hip .ispc
[0.224s] 
[0.224s] [0m
[0.224s] [31mCMake Error at CMakeLists.txt:21 (add_executable):
[0.224s]   Cannot find source file:
[0.224s] 
[0.224s]     src/demo02_listener_str.cpp
[0.224s] 
[0.224s]   Tried extensions .c .C .c++ .cc .cpp .cxx .cu .mpp .m .M .mm .ixx .cppm .h
[0.224s]   .hh .h++ .hm .hpp .hxx .in .txx .f .F .for .f77 .f90 .f95 .f03 .hip .ispc
[0.224s] 
[0.224s] [0m
[0.224s] [31mCMake Error at CMakeLists.txt:14 (add_executable):
[0.224s]   No SOURCES given to target: demo01_talker_str
[0.224s] 
[0.224s] [0m
[0.224s] [31mCMake Error at CMakeLists.txt:21 (add_executable):
[0.224s]   No SOURCES given to target: demo02_listener_str
[0.224s] 
[0.224s] [0m
[0.225s] [0mCMake Generate step failed.  Build files cannot be regenerated correctly.[0m
[0.230s] Invoked command in '/home/amon/桌面/Ros2_learning/ws01_plumbing/src/build/cpp01_topic' returned '1': AMENT_PREFIX_PATH=/home/amon/桌面/Ros2_learning/ws01_plumbing/src/install/base_interfaces_demo:${AMENT_PREFIX_PATH} CMAKE_PREFIX_PATH=/home/amon/桌面/Ros2_learning/ws01_plumbing/src/install/base_interfaces_demo:/opt/ros/humble /usr/bin/cmake /home/amon/桌面/Ros2_learning/ws01_plumbing/src/cpp01_topic -DCMAKE_INSTALL_PREFIX=/home/amon/桌面/Ros2_learning/ws01_plumbing/src/install/cpp01_topic
