[0.004s] Invoking command in '/home/amon/桌面/Ros2_learning/ws01_plumbing/src/build/cpp01_topic': AMENT_PREFIX_PATH=/home/amon/桌面/Ros2_learning/ws01_plumbing/src/install/base_interfaces_demo:${AMENT_PREFIX_PATH} CMAKE_PREFIX_PATH=/home/amon/桌面/Ros2_learning/ws01_plumbing/src/install/base_interfaces_demo:/opt/ros/humble /usr/bin/cmake /home/amon/桌面/Ros2_learning/ws01_plumbing/src/cpp01_topic -DCMAKE_INSTALL_PREFIX=/home/amon/桌面/Ros2_learning/ws01_plumbing/src/install/cpp01_topic
[0.071s] -- The C compiler identification is GNU 11.4.0
[0.112s] -- The CXX compiler identification is GNU 11.4.0
[0.118s] -- Detecting C compiler ABI info
[0.187s] -- Detecting C compiler ABI info - done
[0.192s] -- Check for working C compiler: /usr/bin/cc - skipped
[0.192s] -- Detecting C compile features
[0.193s] -- Detecting C compile features - done
[0.194s] -- Detecting CXX compiler ABI info
[0.280s] -- Detecting CXX compiler ABI info - done
[0.283s] -- Check for working CXX compiler: /usr/bin/c++ - skipped
[0.283s] -- Detecting CXX compile features
[0.284s] -- Detecting CXX compile features - done
[0.285s] -- Found ament_cmake: 1.3.10 (/opt/ros/humble/share/ament_cmake/cmake)
[0.393s] -- Found Python3: /usr/bin/python3 (found version "3.10.12") found components: Interpreter 
[0.430s] -- Found rclcpp: 16.0.10 (/opt/ros/humble/share/rclcpp/cmake)
[0.464s] -- Found rosidl_generator_c: 3.1.5 (/opt/ros/humble/share/rosidl_generator_c/cmake)
[0.466s] -- Found rosidl_adapter: 3.1.5 (/opt/ros/humble/share/rosidl_adapter/cmake)
[0.471s] -- Found rosidl_generator_cpp: 3.1.5 (/opt/ros/humble/share/rosidl_generator_cpp/cmake)
[0.479s] -- Using all available rosidl_typesupport_c: rosidl_typesupport_fastrtps_c;rosidl_typesupport_introspection_c
[0.488s] -- Using all available rosidl_typesupport_cpp: rosidl_typesupport_fastrtps_cpp;rosidl_typesupport_introspection_cpp
[0.515s] -- Found rmw_implementation_cmake: 6.1.2 (/opt/ros/humble/share/rmw_implementation_cmake/cmake)
[0.517s] -- Found rmw_fastrtps_cpp: 6.2.7 (/opt/ros/humble/share/rmw_fastrtps_cpp/cmake)
[0.661s] -- Found OpenSSL: /usr/lib/x86_64-linux-gnu/libcrypto.so (found version "3.0.2")  
[0.689s] -- Found FastRTPS: /opt/ros/humble/include  
[0.714s] -- Using RMW implementation 'rmw_fastrtps_cpp' as default
[0.722s] -- Looking for pthread.h
[0.812s] -- Looking for pthread.h - found
[0.812s] -- Performing Test CMAKE_HAVE_LIBC_PTHREAD
[0.896s] -- Performing Test CMAKE_HAVE_LIBC_PTHREAD - Success
[0.898s] -- Found Threads: TRUE  
[0.947s] -- Found base_interfaces_demo: 0.0.0 (/home/amon/桌面/Ros2_learning/ws01_plumbing/src/install/base_interfaces_demo/share/base_interfaces_demo/cmake)
[0.948s] -- Found ament_lint_auto: 0.12.11 (/opt/ros/humble/share/ament_lint_auto/cmake)
[0.992s] -- Added test 'cppcheck' to perform static code analysis on C / C++ code
[0.992s] -- Configured cppcheck include dirs: 
[0.992s] -- Configured cppcheck exclude dirs and/or files: 
[0.992s] -- Added test 'lint_cmake' to check CMake code style
[0.993s] -- Added test 'uncrustify' to check C / C++ code style
[0.993s] -- Configured uncrustify additional arguments: 
[0.993s] -- Added test 'xmllint' to check XML markup files
[0.994s] -- Configuring done
[0.996s] [31mCMake Error at CMakeLists.txt:21 (add_executable):
[0.996s]   Cannot find source file:
[0.996s] 
[0.996s]     src/demo02_listener_str.cpp
[0.996s] 
[0.996s]   Tried extensions .c .C .c++ .cc .cpp .cxx .cu .mpp .m .M .mm .ixx .cppm .h
[0.996s]   .hh .h++ .hm .hpp .hxx .in .txx .f .F .for .f77 .f90 .f95 .f03 .hip .ispc
[0.996s] 
[0.996s] [0m
[0.996s] [31mCMake Error at CMakeLists.txt:21 (add_executable):
[0.996s]   No SOURCES given to target: demo02_listener_str
[0.997s] 
[0.997s] [0m
[0.997s] [0mCMake Generate step failed.  Build files cannot be regenerated correctly.[0m
[1.001s] Invoked command in '/home/amon/桌面/Ros2_learning/ws01_plumbing/src/build/cpp01_topic' returned '1': AMENT_PREFIX_PATH=/home/amon/桌面/Ros2_learning/ws01_plumbing/src/install/base_interfaces_demo:${AMENT_PREFIX_PATH} CMAKE_PREFIX_PATH=/home/amon/桌面/Ros2_learning/ws01_plumbing/src/install/base_interfaces_demo:/opt/ros/humble /usr/bin/cmake /home/amon/桌面/Ros2_learning/ws01_plumbing/src/cpp01_topic -DCMAKE_INSTALL_PREFIX=/home/amon/桌面/Ros2_learning/ws01_plumbing/src/install/cpp01_topic
