[0.005s] Invoking command in '/home/amon/Ros2_learning/build/base_interfaces_demo': CMAKE_PREFIX_PATH=/opt/ros/humble /usr/bin/cmake /home/amon/Ros2_learning/ws01_plumbing/src/base_interfaces_demo -DCMAKE_INSTALL_PREFIX=/home/amon/Ros2_learning/install/base_interfaces_demo
[0.028s] -- The C compiler identification is GNU 11.4.0
[0.053s] -- The CXX compiler identification is GNU 11.4.0
[0.057s] -- Detecting C compiler ABI info
[0.087s] -- Detecting C compiler ABI info - done
[0.090s] -- Check for working C compiler: /usr/bin/cc - skipped
[0.090s] -- Detecting C compile features
[0.090s] -- Detecting C compile features - done
[0.092s] -- Detecting CXX compiler ABI info
[0.143s] -- Detecting CXX compiler ABI info - done
[0.149s] -- Check for working CXX compiler: /usr/bin/c++ - skipped
[0.149s] -- Detecting CXX compile features
[0.149s] -- Detecting CXX compile features - done
[0.152s] -- Found ament_cmake: 1.3.10 (/opt/ros/humble/share/ament_cmake/cmake)
[0.227s] -- Found Python3: /usr/bin/python3 (found version "3.10.12") found components: Interpreter 
[0.265s] -- Found rosidl_default_generators: 1.2.0 (/opt/ros/humble/share/rosidl_default_generators/cmake)
[0.266s] -- Using all available rosidl_typesupport_c: rosidl_typesupport_fastrtps_c;rosidl_typesupport_introspection_c
[0.269s] -- Found rosidl_adapter: 3.1.5 (/opt/ros/humble/share/rosidl_adapter/cmake)
[0.292s] -- Using all available rosidl_typesupport_cpp: rosidl_typesupport_fastrtps_cpp;rosidl_typesupport_introspection_cpp
[0.425s] -- Found ament_cmake_ros: 0.10.0 (/opt/ros/humble/share/ament_cmake_ros/cmake)
[0.516s] -- Using all available rosidl_typesupport_c: rosidl_typesupport_fastrtps_c;rosidl_typesupport_introspection_c
[0.632s] -- Using all available rosidl_typesupport_cpp: rosidl_typesupport_fastrtps_cpp;rosidl_typesupport_introspection_cpp
[0.643s] -- Found PythonInterp: /usr/bin/python3 (found suitable version "3.10.12", minimum required is "3.6") 
[0.644s] -- Found python_cmake_module: 0.10.0 (/opt/ros/humble/share/python_cmake_module/cmake)
[0.657s] -- Found PythonLibs: /usr/lib/x86_64-linux-gnu/libpython3.10.so (found suitable version "3.10.12", minimum required is "3.5") 
[0.657s] -- Using PYTHON_EXECUTABLE: /usr/bin/python3
[0.657s] -- Using PYTHON_INCLUDE_DIRS: /usr/include/python3.10
[0.657s] -- Using PYTHON_LIBRARIES: /usr/lib/x86_64-linux-gnu/libpython3.10.so
[0.667s] -- Found PythonExtra: .so  
[0.681s] -- Found ament_lint_auto: 0.12.11 (/opt/ros/humble/share/ament_lint_auto/cmake)
[0.688s] -- Added test 'lint_cmake' to check CMake code style
[0.688s] -- Added test 'xmllint' to check XML markup files
[0.689s] -- Configuring done
[0.701s] -- Generating done
[0.702s] -- Build files have been written to: /home/amon/Ros2_learning/build/base_interfaces_demo
[0.704s] Invoked command in '/home/amon/Ros2_learning/build/base_interfaces_demo' returned '0': CMAKE_PREFIX_PATH=/opt/ros/humble /usr/bin/cmake /home/amon/Ros2_learning/ws01_plumbing/src/base_interfaces_demo -DCMAKE_INSTALL_PREFIX=/home/amon/Ros2_learning/install/base_interfaces_demo
[0.705s] Invoking command in '/home/amon/Ros2_learning/build/base_interfaces_demo': CMAKE_PREFIX_PATH=/opt/ros/humble /usr/bin/cmake --build /home/amon/Ros2_learning/build/base_interfaces_demo -- -j20 -l20
[0.723s] [  2%] [34m[1mGenerating C code for ROS interfaces[0m
[0.727s] [  5%] [34m[1mGenerating C++ code for ROS interfaces[0m
[0.731s] [  5%] Built target ament_cmake_python_copy_base_interfaces_demo
[0.830s] running egg_info
[0.830s] creating base_interfaces_demo.egg-info
[0.830s] writing base_interfaces_demo.egg-info/PKG-INFO
[0.830s] writing dependency_links to base_interfaces_demo.egg-info/dependency_links.txt
[0.830s] writing top-level names to base_interfaces_demo.egg-info/top_level.txt
[0.830s] writing manifest file 'base_interfaces_demo.egg-info/SOURCES.txt'
[0.831s] reading manifest file 'base_interfaces_demo.egg-info/SOURCES.txt'
[0.831s] writing manifest file 'base_interfaces_demo.egg-info/SOURCES.txt'
[0.843s] [  5%] Built target ament_cmake_python_build_base_interfaces_demo_egg
[0.867s] [  5%] Built target base_interfaces_demo__cpp
[0.872s] [ 10%] [32mBuilding C object CMakeFiles/base_interfaces_demo__rosidl_generator_c.dir/rosidl_generator_c/base_interfaces_demo/msg/detail/student__functions.c.o[0m
[0.872s] [ 10%] [34m[1mGenerating C++ type support dispatch for ROS interfaces[0m
[0.872s] [ 12%] [34m[1mGenerating C++ type support for eProsima Fast-RTPS[0m
[0.872s] [ 15%] [32mBuilding C object CMakeFiles/base_interfaces_demo__rosidl_generator_c.dir/rosidl_generator_c/base_interfaces_demo/srv/detail/add_ints__functions.c.o[0m
[0.872s] [ 17%] [34m[1mGenerating C++ introspection for ROS interfaces[0m
[0.897s] [ 20%] [32m[1mLinking C shared library libbase_interfaces_demo__rosidl_generator_c.so[0m
[0.914s] [ 20%] Built target base_interfaces_demo__rosidl_generator_c
[0.918s] [ 23%] [34m[1mGenerating C type support for eProsima Fast-RTPS[0m
[0.918s] [ 25%] [34m[1mGenerating C introspection for ROS interfaces[0m
[0.918s] [ 28%] [34m[1mGenerating C type support dispatch for ROS interfaces[0m
[0.987s] [ 30%] [32mBuilding CXX object CMakeFiles/base_interfaces_demo__rosidl_typesupport_cpp.dir/rosidl_typesupport_cpp/base_interfaces_demo/msg/student__type_support.cpp.o[0m
[0.987s] [ 33%] [32mBuilding CXX object CMakeFiles/base_interfaces_demo__rosidl_typesupport_cpp.dir/rosidl_typesupport_cpp/base_interfaces_demo/srv/add_ints__type_support.cpp.o[0m
[1.004s] [ 38%] [32mBuilding CXX object CMakeFiles/base_interfaces_demo__rosidl_typesupport_introspection_cpp.dir/rosidl_typesupport_introspection_cpp/base_interfaces_demo/msg/detail/student__type_support.cpp.o[0m
[1.004s] [ 38%] [32mBuilding CXX object CMakeFiles/base_interfaces_demo__rosidl_typesupport_introspection_cpp.dir/rosidl_typesupport_introspection_cpp/base_interfaces_demo/srv/detail/add_ints__type_support.cpp.o[0m
[1.008s] [ 41%] [32mBuilding CXX object CMakeFiles/base_interfaces_demo__rosidl_typesupport_fastrtps_cpp.dir/rosidl_typesupport_fastrtps_cpp/base_interfaces_demo/msg/detail/dds_fastrtps/student__type_support.cpp.o[0m
[1.010s] [ 43%] [32mBuilding CXX object CMakeFiles/base_interfaces_demo__rosidl_typesupport_fastrtps_cpp.dir/rosidl_typesupport_fastrtps_cpp/base_interfaces_demo/srv/detail/dds_fastrtps/add_ints__type_support.cpp.o[0m
[1.038s] [ 46%] [32mBuilding CXX object CMakeFiles/base_interfaces_demo__rosidl_typesupport_c.dir/rosidl_typesupport_c/base_interfaces_demo/msg/student__type_support.cpp.o[0m
[1.040s] [ 48%] [32mBuilding CXX object CMakeFiles/base_interfaces_demo__rosidl_typesupport_c.dir/rosidl_typesupport_c/base_interfaces_demo/srv/add_ints__type_support.cpp.o[0m
[1.056s] [ 51%] [32m[1mLinking CXX shared library libbase_interfaces_demo__rosidl_typesupport_c.so[0m
[1.058s] [ 53%] [32mBuilding CXX object CMakeFiles/base_interfaces_demo__rosidl_typesupport_fastrtps_c.dir/rosidl_typesupport_fastrtps_c/base_interfaces_demo/msg/detail/student__type_support_c.cpp.o[0m
[1.060s] [ 56%] [32mBuilding CXX object CMakeFiles/base_interfaces_demo__rosidl_typesupport_fastrtps_c.dir/rosidl_typesupport_fastrtps_c/base_interfaces_demo/srv/detail/add_ints__type_support_c.cpp.o[0m
[1.072s] [ 58%] [32mBuilding C object CMakeFiles/base_interfaces_demo__rosidl_typesupport_introspection_c.dir/rosidl_typesupport_introspection_c/base_interfaces_demo/msg/detail/student__type_support.c.o[0m
[1.074s] [ 61%] [32mBuilding C object CMakeFiles/base_interfaces_demo__rosidl_typesupport_introspection_c.dir/rosidl_typesupport_introspection_c/base_interfaces_demo/srv/detail/add_ints__type_support.c.o[0m
[1.075s] [ 61%] Built target base_interfaces_demo__rosidl_typesupport_c
[1.090s] [ 64%] [32m[1mLinking C shared library libbase_interfaces_demo__rosidl_typesupport_introspection_c.so[0m
[1.104s] [ 64%] Built target base_interfaces_demo__rosidl_typesupport_introspection_c
[1.112s] [ 66%] [32m[1mLinking CXX shared library libbase_interfaces_demo__rosidl_typesupport_cpp.so[0m
[1.131s] [ 66%] Built target base_interfaces_demo__rosidl_typesupport_cpp
[1.195s] [ 69%] [32m[1mLinking CXX shared library libbase_interfaces_demo__rosidl_typesupport_fastrtps_cpp.so[0m
[1.221s] [ 71%] [32m[1mLinking CXX shared library libbase_interfaces_demo__rosidl_typesupport_introspection_cpp.so[0m
[1.223s] [ 74%] [32m[1mLinking CXX shared library libbase_interfaces_demo__rosidl_typesupport_fastrtps_c.so[0m
[1.229s] [ 74%] Built target base_interfaces_demo__rosidl_typesupport_fastrtps_cpp
[1.250s] [ 74%] Built target base_interfaces_demo__rosidl_typesupport_introspection_cpp
[1.256s] [ 74%] Built target base_interfaces_demo__rosidl_typesupport_fastrtps_c
[1.265s] [ 74%] Built target base_interfaces_demo
[1.273s] [ 76%] [34m[1mGenerating Python code for ROS interfaces[0m
[1.461s] [ 76%] Built target base_interfaces_demo__py
[1.470s] [ 79%] [32mBuilding C object CMakeFiles/base_interfaces_demo__rosidl_generator_py.dir/rosidl_generator_py/base_interfaces_demo/msg/_student_s.c.o[0m
[1.470s] [ 82%] [32mBuilding C object CMakeFiles/base_interfaces_demo__rosidl_generator_py.dir/rosidl_generator_py/base_interfaces_demo/srv/_add_ints_s.c.o[0m
[1.515s] [ 84%] [32m[1mLinking C shared library rosidl_generator_py/base_interfaces_demo/libbase_interfaces_demo__rosidl_generator_py.so[0m
[1.534s] [ 84%] Built target base_interfaces_demo__rosidl_generator_py
[1.545s] [ 87%] [32mBuilding C object CMakeFiles/base_interfaces_demo__rosidl_typesupport_fastrtps_c__pyext.dir/rosidl_generator_py/base_interfaces_demo/_base_interfaces_demo_s.ep.rosidl_typesupport_fastrtps_c.c.o[0m
[1.545s] [ 89%] [32mBuilding C object CMakeFiles/base_interfaces_demo__rosidl_typesupport_introspection_c__pyext.dir/rosidl_generator_py/base_interfaces_demo/_base_interfaces_demo_s.ep.rosidl_typesupport_introspection_c.c.o[0m
[1.546s] [ 92%] [32mBuilding C object CMakeFiles/base_interfaces_demo__rosidl_typesupport_c__pyext.dir/rosidl_generator_py/base_interfaces_demo/_base_interfaces_demo_s.ep.rosidl_typesupport_c.c.o[0m
[1.588s] [ 97%] [32m[1mLinking C shared library rosidl_generator_py/base_interfaces_demo/base_interfaces_demo_s__rosidl_typesupport_introspection_c.cpython-310-x86_64-linux-gnu.so[0m
[1.589s] [ 97%] [32m[1mLinking C shared library rosidl_generator_py/base_interfaces_demo/base_interfaces_demo_s__rosidl_typesupport_c.cpython-310-x86_64-linux-gnu.so[0m
[1.589s] [100%] [32m[1mLinking C shared library rosidl_generator_py/base_interfaces_demo/base_interfaces_demo_s__rosidl_typesupport_fastrtps_c.cpython-310-x86_64-linux-gnu.so[0m
[1.603s] [100%] Built target base_interfaces_demo__rosidl_typesupport_fastrtps_c__pyext
[1.603s] [100%] Built target base_interfaces_demo__rosidl_typesupport_introspection_c__pyext
[1.603s] [100%] Built target base_interfaces_demo__rosidl_typesupport_c__pyext
[1.609s] Invoked command in '/home/amon/Ros2_learning/build/base_interfaces_demo' returned '0': CMAKE_PREFIX_PATH=/opt/ros/humble /usr/bin/cmake --build /home/amon/Ros2_learning/build/base_interfaces_demo -- -j20 -l20
[1.640s] Invoking command in '/home/amon/Ros2_learning/build/base_interfaces_demo': CMAKE_PREFIX_PATH=/opt/ros/humble /usr/bin/cmake --install /home/amon/Ros2_learning/build/base_interfaces_demo
[1.644s] -- Install configuration: ""
[1.644s] -- Installing: /home/amon/Ros2_learning/install/base_interfaces_demo/share/ament_index/resource_index/rosidl_interfaces/base_interfaces_demo
[1.644s] -- Installing: /home/amon/Ros2_learning/install/base_interfaces_demo/include/base_interfaces_demo/base_interfaces_demo
[1.644s] -- Installing: /home/amon/Ros2_learning/install/base_interfaces_demo/include/base_interfaces_demo/base_interfaces_demo/srv
[1.644s] -- Installing: /home/amon/Ros2_learning/install/base_interfaces_demo/include/base_interfaces_demo/base_interfaces_demo/srv/detail
[1.644s] -- Installing: /home/amon/Ros2_learning/install/base_interfaces_demo/include/base_interfaces_demo/base_interfaces_demo/srv/detail/add_ints__struct.h
[1.644s] -- Installing: /home/amon/Ros2_learning/install/base_interfaces_demo/include/base_interfaces_demo/base_interfaces_demo/srv/detail/add_ints__functions.c
[1.644s] -- Installing: /home/amon/Ros2_learning/install/base_interfaces_demo/include/base_interfaces_demo/base_interfaces_demo/srv/detail/add_ints__functions.h
[1.644s] -- Installing: /home/amon/Ros2_learning/install/base_interfaces_demo/include/base_interfaces_demo/base_interfaces_demo/srv/detail/add_ints__type_support.h
[1.644s] -- Installing: /home/amon/Ros2_learning/install/base_interfaces_demo/include/base_interfaces_demo/base_interfaces_demo/srv/add_ints.h
[1.644s] -- Installing: /home/amon/Ros2_learning/install/base_interfaces_demo/include/base_interfaces_demo/base_interfaces_demo/msg
[1.645s] -- Installing: /home/amon/Ros2_learning/install/base_interfaces_demo/include/base_interfaces_demo/base_interfaces_demo/msg/rosidl_generator_c__visibility_control.h
[1.645s] -- Installing: /home/amon/Ros2_learning/install/base_interfaces_demo/include/base_interfaces_demo/base_interfaces_demo/msg/student.h
[1.645s] -- Installing: /home/amon/Ros2_learning/install/base_interfaces_demo/include/base_interfaces_demo/base_interfaces_demo/msg/detail
[1.645s] -- Installing: /home/amon/Ros2_learning/install/base_interfaces_demo/include/base_interfaces_demo/base_interfaces_demo/msg/detail/student__struct.h
[1.645s] -- Installing: /home/amon/Ros2_learning/install/base_interfaces_demo/include/base_interfaces_demo/base_interfaces_demo/msg/detail/student__functions.c
[1.645s] -- Installing: /home/amon/Ros2_learning/install/base_interfaces_demo/include/base_interfaces_demo/base_interfaces_demo/msg/detail/student__functions.h
[1.645s] -- Installing: /home/amon/Ros2_learning/install/base_interfaces_demo/include/base_interfaces_demo/base_interfaces_demo/msg/detail/student__type_support.h
[1.645s] -- Installing: /home/amon/Ros2_learning/install/base_interfaces_demo/share/base_interfaces_demo/environment/library_path.sh
[1.645s] -- Installing: /home/amon/Ros2_learning/install/base_interfaces_demo/share/base_interfaces_demo/environment/library_path.dsv
[1.645s] -- Installing: /home/amon/Ros2_learning/install/base_interfaces_demo/lib/libbase_interfaces_demo__rosidl_generator_c.so
[1.645s] -- Set runtime path of "/home/amon/Ros2_learning/install/base_interfaces_demo/lib/libbase_interfaces_demo__rosidl_generator_c.so" to ""
[1.645s] -- Up-to-date: /home/amon/Ros2_learning/install/base_interfaces_demo/include/base_interfaces_demo/base_interfaces_demo
[1.645s] -- Up-to-date: /home/amon/Ros2_learning/install/base_interfaces_demo/include/base_interfaces_demo/base_interfaces_demo/srv
[1.645s] -- Up-to-date: /home/amon/Ros2_learning/install/base_interfaces_demo/include/base_interfaces_demo/base_interfaces_demo/srv/detail
[1.645s] -- Installing: /home/amon/Ros2_learning/install/base_interfaces_demo/include/base_interfaces_demo/base_interfaces_demo/srv/detail/add_ints__rosidl_typesupport_fastrtps_c.h
[1.645s] -- Up-to-date: /home/amon/Ros2_learning/install/base_interfaces_demo/include/base_interfaces_demo/base_interfaces_demo/msg
[1.645s] -- Installing: /home/amon/Ros2_learning/install/base_interfaces_demo/include/base_interfaces_demo/base_interfaces_demo/msg/rosidl_typesupport_fastrtps_c__visibility_control.h
[1.645s] -- Up-to-date: /home/amon/Ros2_learning/install/base_interfaces_demo/include/base_interfaces_demo/base_interfaces_demo/msg/detail
[1.645s] -- Installing: /home/amon/Ros2_learning/install/base_interfaces_demo/include/base_interfaces_demo/base_interfaces_demo/msg/detail/student__rosidl_typesupport_fastrtps_c.h
[1.645s] -- Installing: /home/amon/Ros2_learning/install/base_interfaces_demo/lib/libbase_interfaces_demo__rosidl_typesupport_fastrtps_c.so
[1.645s] -- Set runtime path of "/home/amon/Ros2_learning/install/base_interfaces_demo/lib/libbase_interfaces_demo__rosidl_typesupport_fastrtps_c.so" to ""
[1.645s] -- Up-to-date: /home/amon/Ros2_learning/install/base_interfaces_demo/include/base_interfaces_demo/base_interfaces_demo
[1.645s] -- Up-to-date: /home/amon/Ros2_learning/install/base_interfaces_demo/include/base_interfaces_demo/base_interfaces_demo/srv
[1.645s] -- Up-to-date: /home/amon/Ros2_learning/install/base_interfaces_demo/include/base_interfaces_demo/base_interfaces_demo/srv/detail
[1.645s] -- Installing: /home/amon/Ros2_learning/install/base_interfaces_demo/include/base_interfaces_demo/base_interfaces_demo/srv/detail/add_ints__rosidl_typesupport_introspection_c.h
[1.645s] -- Installing: /home/amon/Ros2_learning/install/base_interfaces_demo/include/base_interfaces_demo/base_interfaces_demo/srv/detail/add_ints__type_support.c
[1.645s] -- Up-to-date: /home/amon/Ros2_learning/install/base_interfaces_demo/include/base_interfaces_demo/base_interfaces_demo/msg
[1.645s] -- Up-to-date: /home/amon/Ros2_learning/install/base_interfaces_demo/include/base_interfaces_demo/base_interfaces_demo/msg/detail
[1.645s] -- Installing: /home/amon/Ros2_learning/install/base_interfaces_demo/include/base_interfaces_demo/base_interfaces_demo/msg/detail/student__type_support.c
[1.645s] -- Installing: /home/amon/Ros2_learning/install/base_interfaces_demo/include/base_interfaces_demo/base_interfaces_demo/msg/detail/student__rosidl_typesupport_introspection_c.h
[1.645s] -- Installing: /home/amon/Ros2_learning/install/base_interfaces_demo/include/base_interfaces_demo/base_interfaces_demo/msg/rosidl_typesupport_introspection_c__visibility_control.h
[1.645s] -- Installing: /home/amon/Ros2_learning/install/base_interfaces_demo/lib/libbase_interfaces_demo__rosidl_typesupport_introspection_c.so
[1.645s] -- Set runtime path of "/home/amon/Ros2_learning/install/base_interfaces_demo/lib/libbase_interfaces_demo__rosidl_typesupport_introspection_c.so" to ""
[1.646s] -- Installing: /home/amon/Ros2_learning/install/base_interfaces_demo/lib/libbase_interfaces_demo__rosidl_typesupport_c.so
[1.646s] -- Set runtime path of "/home/amon/Ros2_learning/install/base_interfaces_demo/lib/libbase_interfaces_demo__rosidl_typesupport_c.so" to ""
[1.646s] -- Up-to-date: /home/amon/Ros2_learning/install/base_interfaces_demo/include/base_interfaces_demo/base_interfaces_demo
[1.646s] -- Up-to-date: /home/amon/Ros2_learning/install/base_interfaces_demo/include/base_interfaces_demo/base_interfaces_demo/srv
[1.646s] -- Up-to-date: /home/amon/Ros2_learning/install/base_interfaces_demo/include/base_interfaces_demo/base_interfaces_demo/srv/detail
[1.646s] -- Installing: /home/amon/Ros2_learning/install/base_interfaces_demo/include/base_interfaces_demo/base_interfaces_demo/srv/detail/add_ints__traits.hpp
[1.646s] -- Installing: /home/amon/Ros2_learning/install/base_interfaces_demo/include/base_interfaces_demo/base_interfaces_demo/srv/detail/add_ints__struct.hpp
[1.646s] -- Installing: /home/amon/Ros2_learning/install/base_interfaces_demo/include/base_interfaces_demo/base_interfaces_demo/srv/detail/add_ints__builder.hpp
[1.646s] -- Installing: /home/amon/Ros2_learning/install/base_interfaces_demo/include/base_interfaces_demo/base_interfaces_demo/srv/add_ints.hpp
[1.646s] -- Up-to-date: /home/amon/Ros2_learning/install/base_interfaces_demo/include/base_interfaces_demo/base_interfaces_demo/msg
[1.646s] -- Up-to-date: /home/amon/Ros2_learning/install/base_interfaces_demo/include/base_interfaces_demo/base_interfaces_demo/msg/detail
[1.646s] -- Installing: /home/amon/Ros2_learning/install/base_interfaces_demo/include/base_interfaces_demo/base_interfaces_demo/msg/detail/student__builder.hpp
[1.646s] -- Installing: /home/amon/Ros2_learning/install/base_interfaces_demo/include/base_interfaces_demo/base_interfaces_demo/msg/detail/student__traits.hpp
[1.646s] -- Installing: /home/amon/Ros2_learning/install/base_interfaces_demo/include/base_interfaces_demo/base_interfaces_demo/msg/detail/student__struct.hpp
[1.646s] -- Installing: /home/amon/Ros2_learning/install/base_interfaces_demo/include/base_interfaces_demo/base_interfaces_demo/msg/student.hpp
[1.646s] -- Up-to-date: /home/amon/Ros2_learning/install/base_interfaces_demo/include/base_interfaces_demo/base_interfaces_demo
[1.646s] -- Up-to-date: /home/amon/Ros2_learning/install/base_interfaces_demo/include/base_interfaces_demo/base_interfaces_demo/srv
[1.646s] -- Up-to-date: /home/amon/Ros2_learning/install/base_interfaces_demo/include/base_interfaces_demo/base_interfaces_demo/srv/detail
[1.646s] -- Installing: /home/amon/Ros2_learning/install/base_interfaces_demo/include/base_interfaces_demo/base_interfaces_demo/srv/detail/add_ints__rosidl_typesupport_fastrtps_cpp.hpp
[1.646s] -- Installing: /home/amon/Ros2_learning/install/base_interfaces_demo/include/base_interfaces_demo/base_interfaces_demo/srv/detail/dds_fastrtps
[1.646s] -- Up-to-date: /home/amon/Ros2_learning/install/base_interfaces_demo/include/base_interfaces_demo/base_interfaces_demo/msg
[1.646s] -- Up-to-date: /home/amon/Ros2_learning/install/base_interfaces_demo/include/base_interfaces_demo/base_interfaces_demo/msg/detail
[1.646s] -- Installing: /home/amon/Ros2_learning/install/base_interfaces_demo/include/base_interfaces_demo/base_interfaces_demo/msg/detail/student__rosidl_typesupport_fastrtps_cpp.hpp
[1.646s] -- Installing: /home/amon/Ros2_learning/install/base_interfaces_demo/include/base_interfaces_demo/base_interfaces_demo/msg/detail/dds_fastrtps
[1.646s] -- Installing: /home/amon/Ros2_learning/install/base_interfaces_demo/include/base_interfaces_demo/base_interfaces_demo/msg/rosidl_typesupport_fastrtps_cpp__visibility_control.h
[1.646s] -- Installing: /home/amon/Ros2_learning/install/base_interfaces_demo/lib/libbase_interfaces_demo__rosidl_typesupport_fastrtps_cpp.so
[1.646s] -- Set runtime path of "/home/amon/Ros2_learning/install/base_interfaces_demo/lib/libbase_interfaces_demo__rosidl_typesupport_fastrtps_cpp.so" to ""
[1.646s] -- Up-to-date: /home/amon/Ros2_learning/install/base_interfaces_demo/include/base_interfaces_demo/base_interfaces_demo
[1.646s] -- Up-to-date: /home/amon/Ros2_learning/install/base_interfaces_demo/include/base_interfaces_demo/base_interfaces_demo/srv
[1.646s] -- Up-to-date: /home/amon/Ros2_learning/install/base_interfaces_demo/include/base_interfaces_demo/base_interfaces_demo/srv/detail
[1.646s] -- Installing: /home/amon/Ros2_learning/install/base_interfaces_demo/include/base_interfaces_demo/base_interfaces_demo/srv/detail/add_ints__rosidl_typesupport_introspection_cpp.hpp
[1.646s] -- Installing: /home/amon/Ros2_learning/install/base_interfaces_demo/include/base_interfaces_demo/base_interfaces_demo/srv/detail/add_ints__type_support.cpp
[1.646s] -- Up-to-date: /home/amon/Ros2_learning/install/base_interfaces_demo/include/base_interfaces_demo/base_interfaces_demo/msg
[1.647s] -- Up-to-date: /home/amon/Ros2_learning/install/base_interfaces_demo/include/base_interfaces_demo/base_interfaces_demo/msg/detail
[1.647s] -- Installing: /home/amon/Ros2_learning/install/base_interfaces_demo/include/base_interfaces_demo/base_interfaces_demo/msg/detail/student__rosidl_typesupport_introspection_cpp.hpp
[1.647s] -- Installing: /home/amon/Ros2_learning/install/base_interfaces_demo/include/base_interfaces_demo/base_interfaces_demo/msg/detail/student__type_support.cpp
[1.647s] -- Installing: /home/amon/Ros2_learning/install/base_interfaces_demo/lib/libbase_interfaces_demo__rosidl_typesupport_introspection_cpp.so
[1.647s] -- Set runtime path of "/home/amon/Ros2_learning/install/base_interfaces_demo/lib/libbase_interfaces_demo__rosidl_typesupport_introspection_cpp.so" to ""
[1.647s] -- Installing: /home/amon/Ros2_learning/install/base_interfaces_demo/lib/libbase_interfaces_demo__rosidl_typesupport_cpp.so
[1.647s] -- Set runtime path of "/home/amon/Ros2_learning/install/base_interfaces_demo/lib/libbase_interfaces_demo__rosidl_typesupport_cpp.so" to ""
[1.647s] -- Installing: /home/amon/Ros2_learning/install/base_interfaces_demo/share/base_interfaces_demo/environment/pythonpath.sh
[1.647s] -- Installing: /home/amon/Ros2_learning/install/base_interfaces_demo/share/base_interfaces_demo/environment/pythonpath.dsv
[1.647s] -- Installing: /home/amon/Ros2_learning/install/base_interfaces_demo/local/lib/python3.10/dist-packages/base_interfaces_demo-0.0.0-py3.10.egg-info
[1.647s] -- Installing: /home/amon/Ros2_learning/install/base_interfaces_demo/local/lib/python3.10/dist-packages/base_interfaces_demo-0.0.0-py3.10.egg-info/dependency_links.txt
[1.647s] -- Installing: /home/amon/Ros2_learning/install/base_interfaces_demo/local/lib/python3.10/dist-packages/base_interfaces_demo-0.0.0-py3.10.egg-info/SOURCES.txt
[1.647s] -- Installing: /home/amon/Ros2_learning/install/base_interfaces_demo/local/lib/python3.10/dist-packages/base_interfaces_demo-0.0.0-py3.10.egg-info/PKG-INFO
[1.647s] -- Installing: /home/amon/Ros2_learning/install/base_interfaces_demo/local/lib/python3.10/dist-packages/base_interfaces_demo-0.0.0-py3.10.egg-info/top_level.txt
[1.647s] -- Installing: /home/amon/Ros2_learning/install/base_interfaces_demo/local/lib/python3.10/dist-packages/base_interfaces_demo
[1.647s] -- Installing: /home/amon/Ros2_learning/install/base_interfaces_demo/local/lib/python3.10/dist-packages/base_interfaces_demo/_base_interfaces_demo_s.ep.rosidl_typesupport_introspection_c.c
[1.647s] -- Installing: /home/amon/Ros2_learning/install/base_interfaces_demo/local/lib/python3.10/dist-packages/base_interfaces_demo/srv
[1.647s] -- Installing: /home/amon/Ros2_learning/install/base_interfaces_demo/local/lib/python3.10/dist-packages/base_interfaces_demo/srv/_add_ints_s.c
[1.647s] -- Installing: /home/amon/Ros2_learning/install/base_interfaces_demo/local/lib/python3.10/dist-packages/base_interfaces_demo/srv/__init__.py
[1.647s] -- Installing: /home/amon/Ros2_learning/install/base_interfaces_demo/local/lib/python3.10/dist-packages/base_interfaces_demo/srv/_add_ints.py
[1.647s] -- Installing: /home/amon/Ros2_learning/install/base_interfaces_demo/local/lib/python3.10/dist-packages/base_interfaces_demo/libbase_interfaces_demo__rosidl_generator_py.so
[1.647s] -- Installing: /home/amon/Ros2_learning/install/base_interfaces_demo/local/lib/python3.10/dist-packages/base_interfaces_demo/_base_interfaces_demo_s.ep.rosidl_typesupport_c.c
[1.647s] -- Installing: /home/amon/Ros2_learning/install/base_interfaces_demo/local/lib/python3.10/dist-packages/base_interfaces_demo/base_interfaces_demo_s__rosidl_typesupport_fastrtps_c.cpython-310-x86_64-linux-gnu.so
[1.647s] -- Installing: /home/amon/Ros2_learning/install/base_interfaces_demo/local/lib/python3.10/dist-packages/base_interfaces_demo/msg
[1.647s] -- Installing: /home/amon/Ros2_learning/install/base_interfaces_demo/local/lib/python3.10/dist-packages/base_interfaces_demo/msg/_student_s.c
[1.647s] -- Installing: /home/amon/Ros2_learning/install/base_interfaces_demo/local/lib/python3.10/dist-packages/base_interfaces_demo/msg/__init__.py
[1.647s] -- Installing: /home/amon/Ros2_learning/install/base_interfaces_demo/local/lib/python3.10/dist-packages/base_interfaces_demo/msg/_student.py
[1.647s] -- Installing: /home/amon/Ros2_learning/install/base_interfaces_demo/local/lib/python3.10/dist-packages/base_interfaces_demo/_base_interfaces_demo_s.ep.rosidl_typesupport_fastrtps_c.c
[1.647s] -- Installing: /home/amon/Ros2_learning/install/base_interfaces_demo/local/lib/python3.10/dist-packages/base_interfaces_demo/base_interfaces_demo_s__rosidl_typesupport_c.cpython-310-x86_64-linux-gnu.so
[1.647s] -- Installing: /home/amon/Ros2_learning/install/base_interfaces_demo/local/lib/python3.10/dist-packages/base_interfaces_demo/__init__.py
[1.648s] -- Installing: /home/amon/Ros2_learning/install/base_interfaces_demo/local/lib/python3.10/dist-packages/base_interfaces_demo/base_interfaces_demo_s__rosidl_typesupport_introspection_c.cpython-310-x86_64-linux-gnu.so
[1.666s] Listing '/home/amon/Ros2_learning/install/base_interfaces_demo/local/lib/python3.10/dist-packages/base_interfaces_demo'...
[1.667s] Compiling '/home/amon/Ros2_learning/install/base_interfaces_demo/local/lib/python3.10/dist-packages/base_interfaces_demo/__init__.py'...
[1.667s] Listing '/home/amon/Ros2_learning/install/base_interfaces_demo/local/lib/python3.10/dist-packages/base_interfaces_demo/msg'...
[1.667s] Compiling '/home/amon/Ros2_learning/install/base_interfaces_demo/local/lib/python3.10/dist-packages/base_interfaces_demo/msg/__init__.py'...
[1.667s] Compiling '/home/amon/Ros2_learning/install/base_interfaces_demo/local/lib/python3.10/dist-packages/base_interfaces_demo/msg/_student.py'...
[1.667s] Listing '/home/amon/Ros2_learning/install/base_interfaces_demo/local/lib/python3.10/dist-packages/base_interfaces_demo/srv'...
[1.667s] Compiling '/home/amon/Ros2_learning/install/base_interfaces_demo/local/lib/python3.10/dist-packages/base_interfaces_demo/srv/__init__.py'...
[1.667s] Compiling '/home/amon/Ros2_learning/install/base_interfaces_demo/local/lib/python3.10/dist-packages/base_interfaces_demo/srv/_add_ints.py'...
[1.668s] -- Installing: /home/amon/Ros2_learning/install/base_interfaces_demo/local/lib/python3.10/dist-packages/base_interfaces_demo/base_interfaces_demo_s__rosidl_typesupport_fastrtps_c.cpython-310-x86_64-linux-gnu.so
[1.669s] -- Set runtime path of "/home/amon/Ros2_learning/install/base_interfaces_demo/local/lib/python3.10/dist-packages/base_interfaces_demo/base_interfaces_demo_s__rosidl_typesupport_fastrtps_c.cpython-310-x86_64-linux-gnu.so" to ""
[1.669s] -- Installing: /home/amon/Ros2_learning/install/base_interfaces_demo/local/lib/python3.10/dist-packages/base_interfaces_demo/base_interfaces_demo_s__rosidl_typesupport_introspection_c.cpython-310-x86_64-linux-gnu.so
[1.669s] -- Set runtime path of "/home/amon/Ros2_learning/install/base_interfaces_demo/local/lib/python3.10/dist-packages/base_interfaces_demo/base_interfaces_demo_s__rosidl_typesupport_introspection_c.cpython-310-x86_64-linux-gnu.so" to ""
[1.669s] -- Installing: /home/amon/Ros2_learning/install/base_interfaces_demo/local/lib/python3.10/dist-packages/base_interfaces_demo/base_interfaces_demo_s__rosidl_typesupport_c.cpython-310-x86_64-linux-gnu.so
[1.669s] -- Set runtime path of "/home/amon/Ros2_learning/install/base_interfaces_demo/local/lib/python3.10/dist-packages/base_interfaces_demo/base_interfaces_demo_s__rosidl_typesupport_c.cpython-310-x86_64-linux-gnu.so" to ""
[1.669s] -- Installing: /home/amon/Ros2_learning/install/base_interfaces_demo/lib/libbase_interfaces_demo__rosidl_generator_py.so
[1.669s] -- Set runtime path of "/home/amon/Ros2_learning/install/base_interfaces_demo/lib/libbase_interfaces_demo__rosidl_generator_py.so" to ""
[1.669s] -- Installing: /home/amon/Ros2_learning/install/base_interfaces_demo/share/base_interfaces_demo/msg/Student.idl
[1.669s] -- Installing: /home/amon/Ros2_learning/install/base_interfaces_demo/share/base_interfaces_demo/srv/AddInts.idl
[1.669s] -- Installing: /home/amon/Ros2_learning/install/base_interfaces_demo/share/base_interfaces_demo/msg/Student.msg
[1.669s] -- Installing: /home/amon/Ros2_learning/install/base_interfaces_demo/share/base_interfaces_demo/srv/AddInts.srv
[1.669s] -- Installing: /home/amon/Ros2_learning/install/base_interfaces_demo/share/base_interfaces_demo/srv/AddInts_Request.msg
[1.669s] -- Installing: /home/amon/Ros2_learning/install/base_interfaces_demo/share/base_interfaces_demo/srv/AddInts_Response.msg
[1.669s] -- Installing: /home/amon/Ros2_learning/install/base_interfaces_demo/share/ament_index/resource_index/package_run_dependencies/base_interfaces_demo
[1.669s] -- Installing: /home/amon/Ros2_learning/install/base_interfaces_demo/share/ament_index/resource_index/parent_prefix_path/base_interfaces_demo
[1.669s] -- Installing: /home/amon/Ros2_learning/install/base_interfaces_demo/share/base_interfaces_demo/environment/ament_prefix_path.sh
[1.669s] -- Installing: /home/amon/Ros2_learning/install/base_interfaces_demo/share/base_interfaces_demo/environment/ament_prefix_path.dsv
[1.669s] -- Installing: /home/amon/Ros2_learning/install/base_interfaces_demo/share/base_interfaces_demo/environment/path.sh
[1.669s] -- Installing: /home/amon/Ros2_learning/install/base_interfaces_demo/share/base_interfaces_demo/environment/path.dsv
[1.670s] -- Installing: /home/amon/Ros2_learning/install/base_interfaces_demo/share/base_interfaces_demo/local_setup.bash
[1.670s] -- Installing: /home/amon/Ros2_learning/install/base_interfaces_demo/share/base_interfaces_demo/local_setup.sh
[1.670s] -- Installing: /home/amon/Ros2_learning/install/base_interfaces_demo/share/base_interfaces_demo/local_setup.zsh
[1.670s] -- Installing: /home/amon/Ros2_learning/install/base_interfaces_demo/share/base_interfaces_demo/local_setup.dsv
[1.670s] -- Installing: /home/amon/Ros2_learning/install/base_interfaces_demo/share/base_interfaces_demo/package.dsv
[1.670s] -- Installing: /home/amon/Ros2_learning/install/base_interfaces_demo/share/ament_index/resource_index/packages/base_interfaces_demo
[1.670s] -- Installing: /home/amon/Ros2_learning/install/base_interfaces_demo/share/base_interfaces_demo/cmake/export_base_interfaces_demo__rosidl_generator_cExport.cmake
[1.670s] -- Installing: /home/amon/Ros2_learning/install/base_interfaces_demo/share/base_interfaces_demo/cmake/export_base_interfaces_demo__rosidl_generator_cExport-noconfig.cmake
[1.670s] -- Installing: /home/amon/Ros2_learning/install/base_interfaces_demo/share/base_interfaces_demo/cmake/export_base_interfaces_demo__rosidl_typesupport_fastrtps_cExport.cmake
[1.670s] -- Installing: /home/amon/Ros2_learning/install/base_interfaces_demo/share/base_interfaces_demo/cmake/export_base_interfaces_demo__rosidl_typesupport_fastrtps_cExport-noconfig.cmake
[1.670s] -- Installing: /home/amon/Ros2_learning/install/base_interfaces_demo/share/base_interfaces_demo/cmake/base_interfaces_demo__rosidl_typesupport_introspection_cExport.cmake
[1.670s] -- Installing: /home/amon/Ros2_learning/install/base_interfaces_demo/share/base_interfaces_demo/cmake/base_interfaces_demo__rosidl_typesupport_introspection_cExport-noconfig.cmake
[1.670s] -- Installing: /home/amon/Ros2_learning/install/base_interfaces_demo/share/base_interfaces_demo/cmake/base_interfaces_demo__rosidl_typesupport_cExport.cmake
[1.670s] -- Installing: /home/amon/Ros2_learning/install/base_interfaces_demo/share/base_interfaces_demo/cmake/base_interfaces_demo__rosidl_typesupport_cExport-noconfig.cmake
[1.670s] -- Installing: /home/amon/Ros2_learning/install/base_interfaces_demo/share/base_interfaces_demo/cmake/export_base_interfaces_demo__rosidl_generator_cppExport.cmake
[1.670s] -- Installing: /home/amon/Ros2_learning/install/base_interfaces_demo/share/base_interfaces_demo/cmake/export_base_interfaces_demo__rosidl_typesupport_fastrtps_cppExport.cmake
[1.670s] -- Installing: /home/amon/Ros2_learning/install/base_interfaces_demo/share/base_interfaces_demo/cmake/export_base_interfaces_demo__rosidl_typesupport_fastrtps_cppExport-noconfig.cmake
[1.670s] -- Installing: /home/amon/Ros2_learning/install/base_interfaces_demo/share/base_interfaces_demo/cmake/base_interfaces_demo__rosidl_typesupport_introspection_cppExport.cmake
[1.670s] -- Installing: /home/amon/Ros2_learning/install/base_interfaces_demo/share/base_interfaces_demo/cmake/base_interfaces_demo__rosidl_typesupport_introspection_cppExport-noconfig.cmake
[1.670s] -- Installing: /home/amon/Ros2_learning/install/base_interfaces_demo/share/base_interfaces_demo/cmake/base_interfaces_demo__rosidl_typesupport_cppExport.cmake
[1.670s] -- Installing: /home/amon/Ros2_learning/install/base_interfaces_demo/share/base_interfaces_demo/cmake/base_interfaces_demo__rosidl_typesupport_cppExport-noconfig.cmake
[1.670s] -- Installing: /home/amon/Ros2_learning/install/base_interfaces_demo/share/base_interfaces_demo/cmake/export_base_interfaces_demo__rosidl_generator_pyExport.cmake
[1.670s] -- Installing: /home/amon/Ros2_learning/install/base_interfaces_demo/share/base_interfaces_demo/cmake/export_base_interfaces_demo__rosidl_generator_pyExport-noconfig.cmake
[1.671s] -- Installing: /home/amon/Ros2_learning/install/base_interfaces_demo/share/base_interfaces_demo/cmake/rosidl_cmake-extras.cmake
[1.671s] -- Installing: /home/amon/Ros2_learning/install/base_interfaces_demo/share/base_interfaces_demo/cmake/ament_cmake_export_include_directories-extras.cmake
[1.671s] -- Installing: /home/amon/Ros2_learning/install/base_interfaces_demo/share/base_interfaces_demo/cmake/ament_cmake_export_libraries-extras.cmake
[1.671s] -- Installing: /home/amon/Ros2_learning/install/base_interfaces_demo/share/base_interfaces_demo/cmake/ament_cmake_export_targets-extras.cmake
[1.671s] -- Installing: /home/amon/Ros2_learning/install/base_interfaces_demo/share/base_interfaces_demo/cmake/rosidl_cmake_export_typesupport_targets-extras.cmake
[1.671s] -- Installing: /home/amon/Ros2_learning/install/base_interfaces_demo/share/base_interfaces_demo/cmake/ament_cmake_export_dependencies-extras.cmake
[1.671s] -- Installing: /home/amon/Ros2_learning/install/base_interfaces_demo/share/base_interfaces_demo/cmake/rosidl_cmake_export_typesupport_libraries-extras.cmake
[1.671s] -- Installing: /home/amon/Ros2_learning/install/base_interfaces_demo/share/base_interfaces_demo/cmake/base_interfaces_demoConfig.cmake
[1.671s] -- Installing: /home/amon/Ros2_learning/install/base_interfaces_demo/share/base_interfaces_demo/cmake/base_interfaces_demoConfig-version.cmake
[1.671s] -- Installing: /home/amon/Ros2_learning/install/base_interfaces_demo/share/base_interfaces_demo/package.xml
[1.672s] Invoked command in '/home/amon/Ros2_learning/build/base_interfaces_demo' returned '0': CMAKE_PREFIX_PATH=/opt/ros/humble /usr/bin/cmake --install /home/amon/Ros2_learning/build/base_interfaces_demo
