[0.005s] Invoking command in '/home/amon/Ros2_learning/ws01_plumbing/build/cpp05_names': CMAKE_PREFIX_PATH=${CMAKE_PREFIX_PATH}:/opt/ros/humble /usr/bin/cmake --build /home/amon/Ros2_learning/ws01_plumbing/build/cpp05_names -- -j28 -l28
[0.017s] -- Found ament_cmake: 1.3.10 (/opt/ros/humble/share/ament_cmake/cmake)
[0.080s] -- Found rclcpp: 16.0.10 (/opt/ros/humble/share/rclcpp/cmake)
[0.091s] -- Found rosidl_generator_c: 3.1.5 (/opt/ros/humble/share/rosidl_generator_c/cmake)
[0.093s] -- Found rosidl_adapter: 3.1.5 (/opt/ros/humble/share/rosidl_adapter/cmake)
[0.095s] -- Found rosidl_generator_cpp: 3.1.5 (/opt/ros/humble/share/rosidl_generator_cpp/cmake)
[0.099s] -- Using all available rosidl_typesupport_c: rosidl_typesupport_fastrtps_c;rosidl_typesupport_introspection_c
[0.105s] -- Using all available rosidl_typesupport_cpp: rosidl_typesupport_fastrtps_cpp;rosidl_typesupport_introspection_cpp
[0.119s] -- Found rmw_implementation_cmake: 6.1.2 (/opt/ros/humble/share/rmw_implementation_cmake/cmake)
[0.119s] -- Found rmw_fastrtps_cpp: 6.2.7 (/opt/ros/humble/share/rmw_fastrtps_cpp/cmake)
[0.164s] -- Using RMW implementation 'rmw_fastrtps_cpp' as default
[0.186s] -- Found ament_lint_auto: 0.12.11 (/opt/ros/humble/share/ament_lint_auto/cmake)
[0.217s] -- Added test 'cppcheck' to perform static code analysis on C / C++ code
[0.217s] -- Configured cppcheck include dirs: $<BUILD_INTERFACE:/home/amon/Ros2_learning/ws01_plumbing/src/cpp05_names/include>
[0.217s] -- Configured cppcheck exclude dirs and/or files: 
[0.217s] -- Added test 'flake8' to check Python code syntax and style conventions
[0.217s] -- Added test 'lint_cmake' to check CMake code style
[0.217s] -- Added test 'pep257' to check Python code against some of the docstring style conventions in PEP 257
[0.217s] -- Added test 'uncrustify' to check C / C++ code style
[0.217s] -- Configured uncrustify additional arguments: 
[0.217s] -- Added test 'xmllint' to check XML markup files
[0.218s] -- Configuring done
[0.221s] -- Generating done
[0.221s] -- Build files have been written to: /home/amon/Ros2_learning/ws01_plumbing/build/cpp05_names
[0.238s] [35m[1mConsolidate compiler generated dependencies of target demo01_names[0m
[0.243s] [ 50%] [32mBuilding CXX object CMakeFiles/demo01_names.dir/src/demo01_names.cpp.o[0m
[0.260s] [100%] [32m[1mLinking CXX executable demo01_names[0m
[0.325s] [100%] Built target demo01_names
[0.337s] Invoked command in '/home/amon/Ros2_learning/ws01_plumbing/build/cpp05_names' returned '0': CMAKE_PREFIX_PATH=${CMAKE_PREFIX_PATH}:/opt/ros/humble /usr/bin/cmake --build /home/amon/Ros2_learning/ws01_plumbing/build/cpp05_names -- -j28 -l28
[0.373s] Invoking command in '/home/amon/Ros2_learning/ws01_plumbing/build/cpp05_names': CMAKE_PREFIX_PATH=${CMAKE_PREFIX_PATH}:/opt/ros/humble /usr/bin/cmake --install /home/amon/Ros2_learning/ws01_plumbing/build/cpp05_names
[0.376s] -- Install configuration: ""
[0.377s] -- Installing: /home/amon/Ros2_learning/ws01_plumbing/install/cpp05_names/lib/cpp05_names/demo01_names
[0.377s] -- Set runtime path of "/home/amon/Ros2_learning/ws01_plumbing/install/cpp05_names/lib/cpp05_names/demo01_names" to ""
[0.377s] -- Installing: /home/amon/Ros2_learning/ws01_plumbing/install/cpp05_names/share/cpp05_names/launch
[0.377s] -- Installing: /home/amon/Ros2_learning/ws01_plumbing/install/cpp05_names/share/cpp05_names/launch/demo01_names_launch.py
[0.377s] -- Up-to-date: /home/amon/Ros2_learning/ws01_plumbing/install/cpp05_names/share/ament_index/resource_index/package_run_dependencies/cpp05_names
[0.377s] -- Installing: /home/amon/Ros2_learning/ws01_plumbing/install/cpp05_names/share/ament_index/resource_index/parent_prefix_path/cpp05_names
[0.377s] -- Up-to-date: /home/amon/Ros2_learning/ws01_plumbing/install/cpp05_names/share/cpp05_names/environment/ament_prefix_path.sh
[0.377s] -- Installing: /home/amon/Ros2_learning/ws01_plumbing/install/cpp05_names/share/cpp05_names/environment/ament_prefix_path.dsv
[0.377s] -- Up-to-date: /home/amon/Ros2_learning/ws01_plumbing/install/cpp05_names/share/cpp05_names/environment/path.sh
[0.377s] -- Installing: /home/amon/Ros2_learning/ws01_plumbing/install/cpp05_names/share/cpp05_names/environment/path.dsv
[0.377s] -- Up-to-date: /home/amon/Ros2_learning/ws01_plumbing/install/cpp05_names/share/cpp05_names/local_setup.bash
[0.377s] -- Up-to-date: /home/amon/Ros2_learning/ws01_plumbing/install/cpp05_names/share/cpp05_names/local_setup.sh
[0.377s] -- Up-to-date: /home/amon/Ros2_learning/ws01_plumbing/install/cpp05_names/share/cpp05_names/local_setup.zsh
[0.377s] -- Installing: /home/amon/Ros2_learning/ws01_plumbing/install/cpp05_names/share/cpp05_names/local_setup.dsv
[0.377s] -- Installing: /home/amon/Ros2_learning/ws01_plumbing/install/cpp05_names/share/cpp05_names/package.dsv
[0.377s] -- Up-to-date: /home/amon/Ros2_learning/ws01_plumbing/install/cpp05_names/share/ament_index/resource_index/packages/cpp05_names
[0.377s] -- Up-to-date: /home/amon/Ros2_learning/ws01_plumbing/install/cpp05_names/share/cpp05_names/cmake/cpp05_namesConfig.cmake
[0.377s] -- Up-to-date: /home/amon/Ros2_learning/ws01_plumbing/install/cpp05_names/share/cpp05_names/cmake/cpp05_namesConfig-version.cmake
[0.377s] -- Installing: /home/amon/Ros2_learning/ws01_plumbing/install/cpp05_names/share/cpp05_names/package.xml
[0.378s] Invoked command in '/home/amon/Ros2_learning/ws01_plumbing/build/cpp05_names' returned '0': CMAKE_PREFIX_PATH=${CMAKE_PREFIX_PATH}:/opt/ros/humble /usr/bin/cmake --install /home/amon/Ros2_learning/ws01_plumbing/build/cpp05_names
