-- Found ament_cmake: 1.3.10 (/opt/ros/humble/share/ament_cmake/cmake)
-- Found rclcpp: 16.0.10 (/opt/ros/humble/share/rclcpp/cmake)
-- Found rosidl_generator_c: 3.1.5 (/opt/ros/humble/share/rosidl_generator_c/cmake)
-- Found rosidl_adapter: 3.1.5 (/opt/ros/humble/share/rosidl_adapter/cmake)
-- Found rosidl_generator_cpp: 3.1.5 (/opt/ros/humble/share/rosidl_generator_cpp/cmake)
-- Using all available rosidl_typesupport_c: rosidl_typesupport_fastrtps_c;rosidl_typesupport_introspection_c
-- Using all available rosidl_typesupport_cpp: rosidl_typesupport_fastrtps_cpp;rosidl_typesupport_introspection_cpp
-- Found rmw_implementation_cmake: 6.1.2 (/opt/ros/humble/share/rmw_implementation_cmake/cmake)
-- Found rmw_fastrtps_cpp: 6.2.7 (/opt/ros/humble/share/rmw_fastrtps_cpp/cmake)
-- Using RMW implementation 'rmw_fastrtps_cpp' as default
-- Found base_interfaces_demo: 0.0.0 (/home/amon/桌面/Ros2_learning/ws01_plumbing/src/install/base_interfaces_demo/share/base_interfaces_demo/cmake)
-- Found ament_lint_auto: 0.12.11 (/opt/ros/humble/share/ament_lint_auto/cmake)
-- Added test 'cppcheck' to perform static code analysis on C / C++ code
-- Configured cppcheck include dirs: 
-- Configured cppcheck exclude dirs and/or files: 
-- Added test 'lint_cmake' to check CMake code style
-- Added test 'uncrustify' to check C / C++ code style
-- Configured uncrustify additional arguments: 
-- Added test 'xmllint' to check XML markup files
-- Configuring done
-- Generating done
-- Build files have been written to: /home/amon/桌面/Ros2_learning/ws01_plumbing/src/build/cpp01_topic
[ 25%] [32mBuilding CXX object CMakeFiles/demo01_talker_str.dir/src/demo01_talker_str.cpp.o[0m
[ 50%] [32mBuilding CXX object CMakeFiles/demo02_listener_str.dir/src/demo02_listener_str.cpp.o[0m
[ 75%] [32m[1mLinking CXX executable demo01_talker_str[0m
[ 75%] Built target demo01_talker_str
[100%] [32m[1mLinking CXX executable demo02_listener_str[0m
[100%] Built target demo02_listener_str
-- Install configuration: ""
-- Installing: /home/amon/桌面/Ros2_learning/ws01_plumbing/src/install/cpp01_topic/lib/cpp01_topic/demo01_talker_str
-- Set runtime path of "/home/amon/桌面/Ros2_learning/ws01_plumbing/src/install/cpp01_topic/lib/cpp01_topic/demo01_talker_str" to ""
-- Installing: /home/amon/桌面/Ros2_learning/ws01_plumbing/src/install/cpp01_topic/lib/cpp01_topic/demo02_listener_str
-- Set runtime path of "/home/amon/桌面/Ros2_learning/ws01_plumbing/src/install/cpp01_topic/lib/cpp01_topic/demo02_listener_str" to ""
-- Installing: /home/amon/桌面/Ros2_learning/ws01_plumbing/src/install/cpp01_topic/share/ament_index/resource_index/package_run_dependencies/cpp01_topic
-- Installing: /home/amon/桌面/Ros2_learning/ws01_plumbing/src/install/cpp01_topic/share/ament_index/resource_index/parent_prefix_path/cpp01_topic
-- Installing: /home/amon/桌面/Ros2_learning/ws01_plumbing/src/install/cpp01_topic/share/cpp01_topic/environment/ament_prefix_path.sh
-- Installing: /home/amon/桌面/Ros2_learning/ws01_plumbing/src/install/cpp01_topic/share/cpp01_topic/environment/ament_prefix_path.dsv
-- Installing: /home/amon/桌面/Ros2_learning/ws01_plumbing/src/install/cpp01_topic/share/cpp01_topic/environment/path.sh
-- Installing: /home/amon/桌面/Ros2_learning/ws01_plumbing/src/install/cpp01_topic/share/cpp01_topic/environment/path.dsv
-- Installing: /home/amon/桌面/Ros2_learning/ws01_plumbing/src/install/cpp01_topic/share/cpp01_topic/local_setup.bash
-- Installing: /home/amon/桌面/Ros2_learning/ws01_plumbing/src/install/cpp01_topic/share/cpp01_topic/local_setup.sh
-- Installing: /home/amon/桌面/Ros2_learning/ws01_plumbing/src/install/cpp01_topic/share/cpp01_topic/local_setup.zsh
-- Installing: /home/amon/桌面/Ros2_learning/ws01_plumbing/src/install/cpp01_topic/share/cpp01_topic/local_setup.dsv
-- Installing: /home/amon/桌面/Ros2_learning/ws01_plumbing/src/install/cpp01_topic/share/cpp01_topic/package.dsv
-- Installing: /home/amon/桌面/Ros2_learning/ws01_plumbing/src/install/cpp01_topic/share/ament_index/resource_index/packages/cpp01_topic
-- Installing: /home/amon/桌面/Ros2_learning/ws01_plumbing/src/install/cpp01_topic/share/cpp01_topic/cmake/cpp01_topicConfig.cmake
-- Installing: /home/amon/桌面/Ros2_learning/ws01_plumbing/src/install/cpp01_topic/share/cpp01_topic/cmake/cpp01_topicConfig-version.cmake
-- Installing: /home/amon/桌面/Ros2_learning/ws01_plumbing/src/install/cpp01_topic/share/cpp01_topic/package.xml
