[0.003s] Invoking command in '/home/amon/桌面/Ros2_learning/ws01_plumbing/src/build/cpp01_topic': AMENT_PREFIX_PATH=/home/amon/桌面/Ros2_learning/ws01_plumbing/src/install/base_interfaces_demo:${AMENT_PREFIX_PATH} CMAKE_PREFIX_PATH=/home/amon/桌面/Ros2_learning/ws01_plumbing/src/install/base_interfaces_demo:/opt/ros/humble /usr/bin/cmake /home/amon/桌面/Ros2_learning/ws01_plumbing/src/cpp01_topic -DCMAKE_INSTALL_PREFIX=/home/amon/桌面/Ros2_learning/ws01_plumbing/src/install/cpp01_topic
[0.009s] -- Found ament_cmake: 1.3.10 (/opt/ros/humble/share/ament_cmake/cmake)
[0.075s] -- Found rclcpp: 16.0.10 (/opt/ros/humble/share/rclcpp/cmake)
[0.087s] -- Found rosidl_generator_c: 3.1.5 (/opt/ros/humble/share/rosidl_generator_c/cmake)
[0.088s] -- Found rosidl_adapter: 3.1.5 (/opt/ros/humble/share/rosidl_adapter/cmake)
[0.091s] -- Found rosidl_generator_cpp: 3.1.5 (/opt/ros/humble/share/rosidl_generator_cpp/cmake)
[0.095s] -- Using all available rosidl_typesupport_c: rosidl_typesupport_fastrtps_c;rosidl_typesupport_introspection_c
[0.101s] -- Using all available rosidl_typesupport_cpp: rosidl_typesupport_fastrtps_cpp;rosidl_typesupport_introspection_cpp
[0.115s] -- Found rmw_implementation_cmake: 6.1.2 (/opt/ros/humble/share/rmw_implementation_cmake/cmake)
[0.115s] -- Found rmw_fastrtps_cpp: 6.2.7 (/opt/ros/humble/share/rmw_fastrtps_cpp/cmake)
[0.163s] -- Using RMW implementation 'rmw_fastrtps_cpp' as default
[0.184s] -- Found base_interfaces_demo: 0.0.0 (/home/amon/桌面/Ros2_learning/ws01_plumbing/src/install/base_interfaces_demo/share/base_interfaces_demo/cmake)
[0.185s] -- Found ament_lint_auto: 0.12.11 (/opt/ros/humble/share/ament_lint_auto/cmake)
[0.215s] -- Added test 'cppcheck' to perform static code analysis on C / C++ code
[0.215s] -- Configured cppcheck include dirs: 
[0.215s] -- Configured cppcheck exclude dirs and/or files: 
[0.215s] -- Added test 'lint_cmake' to check CMake code style
[0.216s] -- Added test 'uncrustify' to check C / C++ code style
[0.216s] -- Configured uncrustify additional arguments: 
[0.216s] -- Added test 'xmllint' to check XML markup files
[0.216s] -- Configuring done
[0.221s] -- Generating done
[0.221s] -- Build files have been written to: /home/amon/桌面/Ros2_learning/ws01_plumbing/src/build/cpp01_topic
[0.224s] Invoked command in '/home/amon/桌面/Ros2_learning/ws01_plumbing/src/build/cpp01_topic' returned '0': AMENT_PREFIX_PATH=/home/amon/桌面/Ros2_learning/ws01_plumbing/src/install/base_interfaces_demo:${AMENT_PREFIX_PATH} CMAKE_PREFIX_PATH=/home/amon/桌面/Ros2_learning/ws01_plumbing/src/install/base_interfaces_demo:/opt/ros/humble /usr/bin/cmake /home/amon/桌面/Ros2_learning/ws01_plumbing/src/cpp01_topic -DCMAKE_INSTALL_PREFIX=/home/amon/桌面/Ros2_learning/ws01_plumbing/src/install/cpp01_topic
[0.225s] Invoking command in '/home/amon/桌面/Ros2_learning/ws01_plumbing/src/build/cpp01_topic': AMENT_PREFIX_PATH=/home/amon/桌面/Ros2_learning/ws01_plumbing/src/install/base_interfaces_demo:${AMENT_PREFIX_PATH} CMAKE_PREFIX_PATH=/home/amon/桌面/Ros2_learning/ws01_plumbing/src/install/base_interfaces_demo:/opt/ros/humble /usr/bin/cmake --build /home/amon/桌面/Ros2_learning/ws01_plumbing/src/build/cpp01_topic -- -j28 -l28
[0.255s] [ 25%] [32mBuilding CXX object CMakeFiles/demo01_talker_str.dir/src/demo01_talker_str.cpp.o[0m
[0.255s] [ 50%] [32mBuilding CXX object CMakeFiles/demo02_listener_str.dir/src/demo02_listener_str.cpp.o[0m
[2.089s] [ 75%] [32m[1mLinking CXX executable demo01_talker_str[0m
[2.181s] [ 75%] Built target demo01_talker_str
[3.643s] [100%] [32m[1mLinking CXX executable demo02_listener_str[0m
[3.810s] [100%] Built target demo02_listener_str
[3.816s] Invoked command in '/home/amon/桌面/Ros2_learning/ws01_plumbing/src/build/cpp01_topic' returned '0': AMENT_PREFIX_PATH=/home/amon/桌面/Ros2_learning/ws01_plumbing/src/install/base_interfaces_demo:${AMENT_PREFIX_PATH} CMAKE_PREFIX_PATH=/home/amon/桌面/Ros2_learning/ws01_plumbing/src/install/base_interfaces_demo:/opt/ros/humble /usr/bin/cmake --build /home/amon/桌面/Ros2_learning/ws01_plumbing/src/build/cpp01_topic -- -j28 -l28
[3.836s] Invoking command in '/home/amon/桌面/Ros2_learning/ws01_plumbing/src/build/cpp01_topic': AMENT_PREFIX_PATH=/home/amon/桌面/Ros2_learning/ws01_plumbing/src/install/base_interfaces_demo:${AMENT_PREFIX_PATH} CMAKE_PREFIX_PATH=/home/amon/桌面/Ros2_learning/ws01_plumbing/src/install/base_interfaces_demo:/opt/ros/humble /usr/bin/cmake --install /home/amon/桌面/Ros2_learning/ws01_plumbing/src/build/cpp01_topic
[3.842s] -- Install configuration: ""
[3.842s] -- Installing: /home/amon/桌面/Ros2_learning/ws01_plumbing/src/install/cpp01_topic/lib/cpp01_topic/demo01_talker_str
[3.843s] -- Set runtime path of "/home/amon/桌面/Ros2_learning/ws01_plumbing/src/install/cpp01_topic/lib/cpp01_topic/demo01_talker_str" to ""
[3.843s] -- Installing: /home/amon/桌面/Ros2_learning/ws01_plumbing/src/install/cpp01_topic/lib/cpp01_topic/demo02_listener_str
[3.845s] -- Set runtime path of "/home/amon/桌面/Ros2_learning/ws01_plumbing/src/install/cpp01_topic/lib/cpp01_topic/demo02_listener_str" to ""
[3.845s] -- Installing: /home/amon/桌面/Ros2_learning/ws01_plumbing/src/install/cpp01_topic/share/ament_index/resource_index/package_run_dependencies/cpp01_topic
[3.845s] -- Installing: /home/amon/桌面/Ros2_learning/ws01_plumbing/src/install/cpp01_topic/share/ament_index/resource_index/parent_prefix_path/cpp01_topic
[3.846s] -- Installing: /home/amon/桌面/Ros2_learning/ws01_plumbing/src/install/cpp01_topic/share/cpp01_topic/environment/ament_prefix_path.sh
[3.846s] -- Installing: /home/amon/桌面/Ros2_learning/ws01_plumbing/src/install/cpp01_topic/share/cpp01_topic/environment/ament_prefix_path.dsv
[3.846s] -- Installing: /home/amon/桌面/Ros2_learning/ws01_plumbing/src/install/cpp01_topic/share/cpp01_topic/environment/path.sh
[3.846s] -- Installing: /home/amon/桌面/Ros2_learning/ws01_plumbing/src/install/cpp01_topic/share/cpp01_topic/environment/path.dsv
[3.846s] -- Installing: /home/amon/桌面/Ros2_learning/ws01_plumbing/src/install/cpp01_topic/share/cpp01_topic/local_setup.bash
[3.846s] -- Installing: /home/amon/桌面/Ros2_learning/ws01_plumbing/src/install/cpp01_topic/share/cpp01_topic/local_setup.sh
[3.846s] -- Installing: /home/amon/桌面/Ros2_learning/ws01_plumbing/src/install/cpp01_topic/share/cpp01_topic/local_setup.zsh
[3.846s] -- Installing: /home/amon/桌面/Ros2_learning/ws01_plumbing/src/install/cpp01_topic/share/cpp01_topic/local_setup.dsv
[3.846s] -- Installing: /home/amon/桌面/Ros2_learning/ws01_plumbing/src/install/cpp01_topic/share/cpp01_topic/package.dsv
[3.846s] -- Installing: /home/amon/桌面/Ros2_learning/ws01_plumbing/src/install/cpp01_topic/share/ament_index/resource_index/packages/cpp01_topic
[3.846s] -- Installing: /home/amon/桌面/Ros2_learning/ws01_plumbing/src/install/cpp01_topic/share/cpp01_topic/cmake/cpp01_topicConfig.cmake
[3.847s] -- Installing: /home/amon/桌面/Ros2_learning/ws01_plumbing/src/install/cpp01_topic/share/cpp01_topic/cmake/cpp01_topicConfig-version.cmake
[3.847s] -- Installing: /home/amon/桌面/Ros2_learning/ws01_plumbing/src/install/cpp01_topic/share/cpp01_topic/package.xml
[3.848s] Invoked command in '/home/amon/桌面/Ros2_learning/ws01_plumbing/src/build/cpp01_topic' returned '0': AMENT_PREFIX_PATH=/home/amon/桌面/Ros2_learning/ws01_plumbing/src/install/base_interfaces_demo:${AMENT_PREFIX_PATH} CMAKE_PREFIX_PATH=/home/amon/桌面/Ros2_learning/ws01_plumbing/src/install/base_interfaces_demo:/opt/ros/humble /usr/bin/cmake --install /home/amon/桌面/Ros2_learning/ws01_plumbing/src/build/cpp01_topic
